Screenshot saved: /Users/alexoh/Desktop/arrasbot/arrasbot_20251009-173350/20251009-173450_periodic.png at 20251009-173450
Screenshot saved: /Users/alexoh/Desktop/arrasbot/arrasbot_20251009-173350/20251009-173550_periodic.png at 20251009-173550
Screenshot saved: /Users/alexoh/Desktop/arrasbot/arrasbot_20251009-173350/20251009-173650_periodic.png at 20251009-173650
Screenshot saved: /Users/alexoh/Desktop/arrasbot/arrasbot_20251009-173350/20251009-173750_periodic.png at 20251009-173751
Screenshot saved: /Users/alexoh/Desktop/arrasbot/arrasbot_20251009-173350/20251009-173851_periodic.png at 20251009-173851
Screenshot saved: /Users/alexoh/Desktop/arrasbot/arrasbot_20251009-173350/20251009-173951_periodic.png at 20251009-173951
Screenshot saved: /Users/alexoh/Desktop/arrasbot/arrasbot_20251009-173350/20251009-174051_periodic.png at 20251009-174051
Screenshot saved: /Users/alexoh/Desktop/arrasbot/arrasbot_20251009-173350/20251009-174151_periodic.png at 20251009-174151
Screenshot saved: /Users/alexoh/Desktop/arrasbot/arrasbot_20251009-173350/20251009-174251_periodic.png at 20251009-174251
Screenshot saved: /Users/alexoh/Desktop/arrasbot/arrasbot_20251009-173350/20251009-174351_periodic.png at 20251009-174352
Screenshot saved: /Users/alexoh/Desktop/arrasbot/arrasbot_20251009-173350/20251009-174452_periodic.png at 20251009-174452
Screenshot saved: /Users/alexoh/Desktop/arrasbot/arrasbot_20251009-173350/20251009-174552_periodic.png at 20251009-174552
Screenshot saved: /Users/alexoh/Desktop/arrasbot/arrasbot_20251009-173350/20251009-174652_periodic.png at 20251009-174652
Screenshot saved: /Users/alexoh/Desktop/arrasbot/arrasbot_20251009-173350/20251009-174752_periodic.png at 20251009-174752
Screenshot saved: /Users/alexoh/Desktop/arrasbot/arrasbot_20251009-173350/20251009-174852_periodic.png at 20251009-174852
Screenshot saved: /Users/alexoh/Desktop/arrasbot/arrasbot_20251009-173350/20251009-174936_reconnected.png at 20251009-174936
Screenshot saved: /Users/alexoh/Desktop/arrasbot/arrasbot_20251009-173350/20251009-174952_periodic.png at 20251009-174953
Screenshot saved: /Users/alexoh/Desktop/arrasbot/arrasbot_20251009-194339/20251009-194343_reconnected.png at 20251009-194343
Screenshot saved: /Users/alexoh/Desktop/abss/abss_20251011-175712/20251011-175716_reconnected.png at 20251011-175716
Screenshot saved: /Users/alexoh/Desktop/abss/abss_20251011-175800/20251011-175804_reconnected.png at 20251011-175804
Screenshot saved: /Users/alexoh/Desktop/abss/abss_20251011-175820/20251011-175823_reconnected.png at 20251011-175824
Screenshot saved: /Users/alexoh/Desktop/abss/abss_20251011-175859/20251011-175902_reconnected.png at 20251011-175902
Screenshot saved: /Users/alexoh/Desktop/abss/abss_20251011-175931/20251011-175934_reconnected.png at 20251011-175934
Screenshot saved: /Users/alexoh/Desktop/abss/abss_20251011-175931/20251011-180031_periodic.png at 20251011-180031
Screenshot saved: /Users/alexoh/Desktop/abss/abss_20251011-175931/20251011-180131_periodic.png at 20251011-180131
Screenshot saved: /Users/alexoh/Desktop/abss/abss_20251011-175931/20251011-180231_periodic.png at 20251011-180231
Screenshot saved: /Users/alexoh/Desktop/abss/abss_20251011-175931/20251011-180331_periodic.png at 20251011-180331
Screenshot saved: /Users/alexoh/Desktop/abss/abss_20251011-175931/20251011-180431_periodic.png at 20251011-180431
Screenshot saved: /Users/alexoh/Desktop/abss/abss_20251011-175931/20251011-180531_periodic.png at 20251011-180532
Screenshot saved: /Users/alexoh/Desktop/abss/abss_20251011-175931/20251011-180632_periodic.png at 20251011-180632
Screenshot saved: /Users/alexoh/Desktop/abss/abss_20251011-175931/20251011-180732_periodic.png at 20251011-180732
Screenshot saved: /Users/alexoh/Desktop/abss/abss_20251011-175931/20251011-180832_periodic.png at 20251011-180832
Screenshot saved: /Users/alexoh/Desktop/abss/abss_20251011-175931/20251011-180932_periodic.png at 20251011-180932
Screenshot saved: /Users/alexoh/Desktop/abss/abss_20251011-175931/20251011-181032_periodic.png at 20251011-181032
Screenshot saved: /Users/alexoh/Desktop/abss/abss_20251011-175931/20251011-181132_periodic.png at 20251011-181132
Screenshot saved: /Users/alexoh/Desktop/abss/abss_20251011-175931/20251011-181232_periodic.png at 20251011-181232
Screenshot saved: /Users/alexoh/Desktop/abss/abss_20251011-175931/20251011-181318_disconnected.png at 20251011-181318
Screenshot saved: /Users/alexoh/Desktop/abss/abss_20251011-175931/20251011-181321_reconnected.png at 20251011-181321
Screenshot saved: /Users/alexoh/Desktop/abss/abss_20251011-175931/20251011-181332_periodic.png at 20251011-181332
Screenshot saved: /Users/alexoh/Desktop/abss/abss_20251011-175931/20251011-181432_periodic.png at 20251011-181432
Screenshot saved: /Users/alexoh/Desktop/abss/abss_20251011-175931/20251011-181532_periodic.png at 20251011-181532
Screenshot saved: /Users/alexoh/Desktop/abss/abss_20251011-175931/20251011-181632_periodic.png at 20251011-181632
Screenshot saved: /Users/alexoh/Desktop/abss/abss_20251011-175931/20251011-181732_died.png at 20251011-181732
Screenshot saved: /Users/alexoh/Desktop/abss/abss_20251011-175931/20251011-181732_reconnected.png at 20251011-181732
Screenshot saved: /Users/alexoh/Desktop/abss/abss_20251011-175931/20251011-181733_periodic.png at 20251011-181733
Screenshot saved: /Users/alexoh/Desktop/abss/abss_20251011-175931/20251011-181833_periodic.png at 20251011-181833
Screenshot saved: /Users/alexoh/Desktop/abss/abss_20251011-175931/20251011-181933_periodic.png at 20251011-181933
Screenshot saved: /Users/alexoh/Desktop/abss/abss_20251011-175931/20251011-182033_periodic.png at 20251011-182033
Screenshot saved: /Users/alexoh/Desktop/abss/abss_20251011-175931/20251011-182133_periodic.png at 20251011-182133
Screenshot saved: /Users/alexoh/Desktop/abss/abss_20251011-175931/20251011-182233_periodic.png at 20251011-182233
Screenshot saved: /Users/alexoh/Desktop/abss/abss_20251011-175931/20251011-182333_periodic.png at 20251011-182333
Screenshot saved: /Users/alexoh/Desktop/abss/abss_20251011-182357/20251011-182401_reconnected.png at 20251011-182401
Screenshot saved: /Users/alexoh/Desktop/abss/abss_20251011-182357/20251011-182457_periodic.png at 20251011-182457
Screenshot saved: /Users/alexoh/Desktop/abss/abss_20251011-182714/20251011-182723_reconnected.png at 20251011-182723
Screenshot saved: /Users/alexoh/Desktop/abss/abss_20251011-182714/20251011-182814_periodic.png at 20251011-182814
Screenshot saved: /Users/alexoh/Desktop/abss/abss_20251011-182714/20251011-182914_periodic.png at 20251011-182914
Screenshot saved: /Users/alexoh/Desktop/abss/abss_20251011-182714/20251011-182923_died.png at 20251011-182923
Screenshot saved: /Users/alexoh/Desktop/abss/abss_20251011-182714/20251011-182926_reconnected.png at 20251011-182926
Screenshot saved: /Users/alexoh/Desktop/abss/abss_20251011-182714/20251011-183014_periodic.png at 20251011-183014
Screenshot saved: /Users/alexoh/Desktop/abss/abss_20251011-182714/20251011-183114_periodic.png at 20251011-183114
Screenshot saved: /Users/alexoh/Desktop/abss/abss_20251011-182714/20251011-183214_periodic.png at 20251011-183214
Screenshot saved: /Users/alexoh/Desktop/abss/abss_20251011-182714/20251011-183314_periodic.png at 20251011-183314
Screenshot saved: /Users/alexoh/Desktop/abss/abss_20251011-182714/20251011-183414_periodic.png at 20251011-183414
Screenshot saved: /Users/alexoh/Desktop/abss/abss_20251011-182714/20251011-183514_periodic.png at 20251011-183514
Screenshot saved: /Users/alexoh/Desktop/abss/abss_20251011-182714/20251011-183614_periodic.png at 20251011-183614
Screenshot saved: /Users/alexoh/Desktop/abss/abss_20251011-182714/20251011-183714_periodic.png at 20251011-183714
Screenshot saved: /Users/alexoh/Desktop/abss/abss_20251011-182714/20251011-183814_periodic.png at 20251011-183815
Screenshot saved: /Users/alexoh/Desktop/abss/abss_20251011-182714/20251011-183915_periodic.png at 20251011-183915
Screenshot saved: /Users/alexoh/Desktop/abss/abss_20251011-182714/20251011-195211_periodic.png at 20251011-195211
Screenshot saved: /Users/alexoh/Desktop/abss/abss_20251011-182714/20251011-195312_periodic.png at 20251011-195313
Screenshot saved: /Users/alexoh/Desktop/abss/abss_20251011-182714/20251011-195414_periodic.png at 20251011-195415
Screenshot saved: /Users/alexoh/Desktop/abss/abss_20251011-182714/20251011-200935_periodic.png at 20251011-200936
Screenshot saved: /Users/alexoh/Desktop/abss/abss_20251011-182714/20251011-201038_periodic.png at 20251011-201039
Screenshot saved: /Users/alexoh/Desktop/abss/abss_20251011-182714/20251011-201419_periodic.png at 20251011-201420
Screenshot saved: /Users/alexoh/Desktop/abss/abss_20251011-182714/20251011-201512_died.png at 20251011-201512
Screenshot saved: /Users/alexoh/Desktop/abss/abss_20251013-195752/20251013-195800_reconnected.png at 20251013-195800
Screenshot saved: /Users/alexoh/Desktop/abss/abss_20251013-195752/20251013-195852_periodic.png at 20251013-195852
Screenshot saved: /Users/alexoh/Desktop/abss/abss_20251013-195752/20251013-195952_periodic.png at 20251013-195952
Screenshot saved: /Users/alexoh/Desktop/abss/abss_20251013-195752/20251013-200052_periodic.png at 20251013-200052
Screenshot saved: /Users/alexoh/Desktop/abss/abss_20251013-195752/20251013-200152_periodic.png at 20251013-200152
Screenshot saved: /Users/alexoh/Desktop/abss/abss_20251013-195752/20251013-200252_periodic.png at 20251013-200252
Screenshot saved: /Users/alexoh/Desktop/abss/abss_20251013-195752/20251013-200326_died.png at 20251013-200326
Screenshot saved: /Users/alexoh/Desktop/abss/abss_20251013-195752/20251013-200326_reconnected.png at 20251013-200326
Screenshot saved: /Users/alexoh/Desktop/abss/abss_20251013-195752/20251013-200343_died.png at 20251013-200343
Screenshot saved: /Users/alexoh/Desktop/abss/abss_20251013-195752/20251013-200346_reconnected.png at 20251013-200346
Screenshot saved: /Users/alexoh/Desktop/abss/abss_20251013-195752/20251013-200352_periodic.png at 20251013-200352
Screenshot saved: /Users/alexoh/Desktop/abss/abss_20251013-195752/20251013-200359_died.png at 20251013-200359
Screenshot saved: /Users/alexoh/Desktop/abss/abss_20251013-195752/20251013-200359_reconnected.png at 20251013-200359
Screenshot saved: /Users/alexoh/Desktop/abss/abss_20251013-200412/20251013-200415_reconnected.png at 20251013-200415
Screenshot saved: /Users/alexoh/Desktop/abss/abss_20251013-200412/20251013-200422_died.png at 20251013-200422
Screenshot saved: /Users/alexoh/Desktop/abss/abss_20251013-200412/20251013-200425_reconnected.png at 20251013-200425
Screenshot saved: /Users/alexoh/Desktop/abss/abss_20251013-200412/20251013-200459_died.png at 20251013-200459
Screenshot saved: /Users/alexoh/Desktop/abss/abss_20251013-200412/20251013-200506_died.png at 20251013-200506
Screenshot saved: /Users/alexoh/Desktop/abss/abss_20251013-200412/20251013-200509_reconnected.png at 20251013-200509
Screenshot saved: /Users/alexoh/Desktop/abss/abss_20251013-200412/20251013-200512_periodic.png at 20251013-200512
Screenshot saved: /Users/alexoh/Desktop/abss/abss_20251013-200412/20251013-200612_periodic.png at 20251013-200612
Screenshot saved: /Users/alexoh/Desktop/abss/abss_20251013-200412/20251013-200712_periodic.png at 20251013-200712
Screenshot saved: /Users/alexoh/Desktop/abss/abss_20251013-200412/20251013-200812_periodic.png at 20251013-200812
Screenshot saved: /Users/alexoh/Desktop/abss/abss_20251013-200412/20251013-200912_periodic.png at 20251013-200912
Screenshot saved: /Users/alexoh/Desktop/abss/abss_20251013-200412/20251013-201012_periodic.png at 20251013-201012
Screenshot saved: /Users/alexoh/Desktop/abss/abss_20251013-200412/20251013-201112_periodic.png at 20251013-201112
Screenshot saved: /Users/alexoh/Desktop/abss/abss_20251013-200412/20251013-201212_periodic.png at 20251013-201212
Screenshot saved: /Users/alexoh/Desktop/abss/abss_20251013-200412/20251013-201257_died.png at 20251013-201257
Screenshot saved: /Users/alexoh/Desktop/abss/abss_20251013-200412/20251013-201300_reconnected.png at 20251013-201300
Screenshot saved: /Users/alexoh/Desktop/abss/abss_20251013-200412/20251013-201312_periodic.png at 20251013-201312
Screenshot saved: /Users/alexoh/Desktop/abss/abss_20251013-200412/20251013-201412_periodic.png at 20251013-201413
Screenshot saved: /Users/alexoh/Desktop/abss/abss_20251013-200412/20251013-201513_periodic.png at 20251013-201513
Screenshot saved: /Users/alexoh/Desktop/abss/abss_20251013-200412/20251013-201613_periodic.png at 20251013-201613
Screenshot saved: /Users/alexoh/Desktop/abss/abss_20251013-200412/20251013-201713_periodic.png at 20251013-201713
Screenshot saved: /Users/alexoh/Desktop/abss/abss_20251013-200412/20251013-201813_periodic.png at 20251013-201813
Screenshot saved: /Users/alexoh/Desktop/abss/abss_20251013-200412/20251013-201913_periodic.png at 20251013-201913
Screenshot saved: /Users/alexoh/Desktop/abss/abss_20251013-200412/20251013-201950_died.png at 20251013-201950
Screenshot saved: /Users/alexoh/Desktop/abss/abss_20251013-200412/20251013-201953_reconnected.png at 20251013-201953
Screenshot saved: /Users/alexoh/Desktop/abss/abss_20251013-200412/20251013-202013_periodic.png at 20251013-202013
Screenshot saved: /Users/alexoh/Desktop/abss/abss_20251013-200412/20251013-202113_periodic.png at 20251013-202113
Screenshot saved: /Users/alexoh/Desktop/abss/abss_20251013-200412/20251013-202126_died.png at 20251013-202126
Screenshot saved: /Users/alexoh/Desktop/abss/abss_20251013-200412/20251013-202126_reconnected.png at 20251013-202126
Screenshot saved: /Users/alexoh/Desktop/abss/abss_20251013-200412/20251013-202141_died.png at 20251013-202142
Screenshot saved: /Users/alexoh/Desktop/abss/abss_20251013-200412/20251013-202145_reconnected.png at 20251013-202145
Screenshot saved: /Users/alexoh/Desktop/abss/abss_20251013-200412/20251013-202213_periodic.png at 20251013-202213
Screenshot saved: /Users/alexoh/Desktop/abss/abss_20251013-200412/20251013-202313_periodic.png at 20251013-202313
Screenshot saved: /Users/alexoh/Desktop/abss/abss_20251013-200412/20251013-202413_periodic.png at 20251013-202413
Screenshot saved: /Users/alexoh/Desktop/abss/abss_20251013-200412/20251013-202513_periodic.png at 20251013-202513
Screenshot saved: /Users/alexoh/Desktop/abss/abss_20251013-200412/20251013-202614_periodic.png at 20251013-202614
Screenshot saved: /Users/alexoh/Desktop/abss/abss_20251013-200412/20251013-202714_periodic.png at 20251013-202714
Screenshot saved: /Users/alexoh/Desktop/abss/abss_20251013-200412/20251013-202814_periodic.png at 20251013-202814
Screenshot saved: /Users/alexoh/Desktop/abss/abss_20251013-200412/20251013-202819_died.png at 20251013-202819
Screenshot saved: /Users/alexoh/Desktop/abss/abss_20251013-200412/20251013-202819_reconnected.png at 20251013-202819
