
=============== DEBUG ===============
Display size: 1710x1112
Screenshot directory: /Users/alexoh/Desktop/abss/abss_20251011-175931
Created variables in 0.048 seconds
Created controllers in 0.01 seconds
Defined functions in 0.0 seconds
Created directories in 0.0 seconds
Bot initialized in 0.059 seconds

================ LOG ================
Bot initialized at 20251011-175931
[RECONNECTED] screenshot taken at 20251011-175934
Successfully reconnected at 20251011-175934
[PERIODIC] screenshot taken at 20251011-180031
Detected backroom crash at 20251011-180130
[PERIODIC] screenshot taken at 20251011-180131
Detected backroom crash at 20251011-180138
Detected backroom crash at 20251011-180151
[PERIODIC] screenshot taken at 20251011-180231
[PERIODIC] screenshot taken at 20251011-180331
[PERIODIC] screenshot taken at 20251011-180431
[PERIODIC] screenshot taken at 20251011-180532
[PERIODIC] screenshot taken at 20251011-180632
[PERIODIC] screenshot taken at 20251011-180732
[PERIODIC] screenshot taken at 20251011-180832
Detected backroom crash at 20251011-180838
[PERIODIC] screenshot taken at 20251011-180932
[PERIODIC] screenshot taken at 20251011-181032
[PERIODIC] screenshot taken at 20251011-181132
[PERIODIC] screenshot taken at 20251011-181232
[DISCONNECTED] screenshot taken at 20251011-181318
Disconnected at 20251011-181318
Disconnected, attempting to reconnect at 20251011-181318
[RECONNECTED] screenshot taken at 20251011-181321
Successfully reconnected at 20251011-181321
[PERIODIC] screenshot taken at 20251011-181332
[PERIODIC] screenshot taken at 20251011-181432
[PERIODIC] screenshot taken at 20251011-181532
[PERIODIC] screenshot taken at 20251011-181632
Checking death at 20251011-181729
[DEATH] screenshot taken at 20251011-181732
Died at 20251011-181732
[RECONNECTED] screenshot taken at 20251011-181732
Successfully reconnected at 20251011-181732
[PERIODIC] screenshot taken at 20251011-181733
[PERIODIC] screenshot taken at 20251011-181833
[PERIODIC] screenshot taken at 20251011-181933
[PERIODIC] screenshot taken at 20251011-182033
[PERIODIC] screenshot taken at 20251011-182133
[PERIODIC] screenshot taken at 20251011-182233
[PERIODIC] screenshot taken at 20251011-182333
