
=============== DEBUG ===============
Display size: 1710x1112
Screenshot directory: /Users/alexoh/Desktop/abss/abss_20251011-182714
Created variables in 0.054 seconds
Created controllers in 0.021 seconds
Defined functions in 0.0 seconds
Created directories in 0.0 seconds
Bot initialized in 0.075 seconds

================ LOG ================
Bot initialized at 20251011-182714
Checking death at 20251011-182716
[RECONNECTED] screenshot taken at 20251011-182723
Successfully reconnected at 20251011-182723
[PERIODIC] screenshot taken at 20251011-182814
[PERIODIC] screenshot taken at 20251011-182914
Checking death at 20251011-182920
[DEATH] screenshot taken at 20251011-182923
Died at 20251011-182923
Checking death at 20251011-182923
[RECONNECTED] screenshot taken at 20251011-182926
Successfully reconnected at 20251011-182926
[PERIODIC] screenshot taken at 20251011-183014
[PERIODIC] screenshot taken at 20251011-183114
[PERIODIC] screenshot taken at 20251011-183214
[PERIODIC] screenshot taken at 20251011-183314
[PERIODIC] screenshot taken at 20251011-183414
[PERIODIC] screenshot taken at 20251011-183514
[PERIODIC] screenshot taken at 20251011-183614
[PERIODIC] screenshot taken at 20251011-183714
[PERIODIC] screenshot taken at 20251011-183815
[PERIODIC] screenshot taken at 20251011-183915
[PERIODIC] screenshot taken at 20251011-195211
[PERIODIC] screenshot taken at 20251011-195313
[PERIODIC] screenshot taken at 20251011-195415
[PERIODIC] screenshot taken at 20251011-200936
[PERIODIC] screenshot taken at 20251011-201039
[PERIODIC] screenshot taken at 20251011-201420
Detected backroom crash at 20251011-201459
Checking death at 20251011-201509
[DEATH] screenshot taken at 20251011-201512
Died at 20251011-201512
Checking death at 20251011-201512
