
=============== DEBUG ===============
Display size: 1710x1112
Screenshot directory: /Users/alexoh/Desktop/abss/abss_20251013-200412
Created variables in 0.058 seconds
Created controllers in 0.014 seconds
Defined functions in 0.0 seconds
Created directories in 0.0 seconds
Bot initialized in 0.072 seconds

================ LOG ================
Bot initialized at 20251013-200412
[RECONNECTED] screenshot taken at 20251013-200415
Successfully reconnected at 20251013-200415
Checking death at 20251013-200419
[DEATH] screenshot taken at 20251013-200422
Died at 20251013-200422
Checking death at 20251013-200422
[RECONNECTED] screenshot taken at 20251013-200425
Successfully reconnected at 20251013-200425
Checking death at 20251013-200456
[DEATH] screenshot taken at 20251013-200459
Died at 20251013-200459
Checking death at 20251013-200459
Checking death at 20251013-200503
[DEATH] screenshot taken at 20251013-200506
Died at 20251013-200506
Checking death at 20251013-200506
[RECONNECTED] screenshot taken at 20251013-200509
Successfully reconnected at 20251013-200509
[PERIODIC] screenshot taken at 20251013-200512
[PERIODIC] screenshot taken at 20251013-200612
[PERIODIC] screenshot taken at 20251013-200712
[PERIODIC] screenshot taken at 20251013-200812
Detected backroom crash at 20251013-200829
Detected backroom crash at 20251013-200830
Detected backroom crash at 20251013-200832
Detected backroom crash at 20251013-200833
Detected backroom crash at 20251013-200840
Detected backroom crash at 20251013-200840
[PERIODIC] screenshot taken at 20251013-200912
[PERIODIC] screenshot taken at 20251013-201012
[PERIODIC] screenshot taken at 20251013-201112
[PERIODIC] screenshot taken at 20251013-201212
Checking death at 20251013-201254
[DEATH] screenshot taken at 20251013-201257
Died at 20251013-201257
Checking death at 20251013-201257
[RECONNECTED] screenshot taken at 20251013-201300
Successfully reconnected at 20251013-201300
[PERIODIC] screenshot taken at 20251013-201312
[PERIODIC] screenshot taken at 20251013-201413
[PERIODIC] screenshot taken at 20251013-201513
[PERIODIC] screenshot taken at 20251013-201613
[PERIODIC] screenshot taken at 20251013-201713
[PERIODIC] screenshot taken at 20251013-201813
Detected backroom crash at 20251013-201857
[PERIODIC] screenshot taken at 20251013-201913
Checking death at 20251013-201947
[DEATH] screenshot taken at 20251013-201950
Died at 20251013-201950
Checking death at 20251013-201950
[RECONNECTED] screenshot taken at 20251013-201953
Successfully reconnected at 20251013-201953
[PERIODIC] screenshot taken at 20251013-202013
[PERIODIC] screenshot taken at 20251013-202113
Checking death at 20251013-202123
[DEATH] screenshot taken at 20251013-202126
Died at 20251013-202126
[RECONNECTED] screenshot taken at 20251013-202126
Successfully reconnected at 20251013-202126
Checking death at 20251013-202138
[DEATH] screenshot taken at 20251013-202142
Died at 20251013-202142
Checking death at 20251013-202142
[RECONNECTED] screenshot taken at 20251013-202145
Successfully reconnected at 20251013-202145
[PERIODIC] screenshot taken at 20251013-202213
[PERIODIC] screenshot taken at 20251013-202313
[PERIODIC] screenshot taken at 20251013-202413
[PERIODIC] screenshot taken at 20251013-202513
[PERIODIC] screenshot taken at 20251013-202614
[PERIODIC] screenshot taken at 20251013-202714
Detected backroom crash at 20251013-202802
[PERIODIC] screenshot taken at 20251013-202814
Checking death at 20251013-202816
[DEATH] screenshot taken at 20251013-202819
Died at 20251013-202819
[RECONNECTED] screenshot taken at 20251013-202819
Successfully reconnected at 20251013-202819
