
=============== DEBUG ===============
Display size: 1710x1112
Screenshot directory: /Users/alexoh/Desktop/abss/abss_20251013-195752
Created variables in 0.058 seconds
Created controllers in 0.013 seconds
Defined functions in 0.0 seconds
Created directories in 0.0 seconds
Bot initialized in 0.072 seconds

================ LOG ================
Bot initialized at 20251013-195752
[RECONNECTED] screenshot taken at 20251013-195800
Successfully reconnected at 20251013-195800
[PERIODIC] screenshot taken at 20251013-195852
[PERIODIC] screenshot taken at 20251013-195952
[PERIODIC] screenshot taken at 20251013-200052
Detected backroom crash at 20251013-200127
[PERIODIC] screenshot taken at 20251013-200152
[PERIODIC] screenshot taken at 20251013-200252
Checking death at 20251013-200323
[DEATH] screenshot taken at 20251013-200326
Died at 20251013-200326
[RECONNECTED] screenshot taken at 20251013-200326
Successfully reconnected at 20251013-200326
Checking death at 20251013-200340
[DEATH] screenshot taken at 20251013-200343
Died at 20251013-200343
Checking death at 20251013-200343
[RECONNECTED] screenshot taken at 20251013-200346
Successfully reconnected at 20251013-200346
Detected backroom crash at 20251013-200347
[PERIODIC] screenshot taken at 20251013-200352
Checking death at 20251013-200356
[DEATH] screenshot taken at 20251013-200359
Died at 20251013-200359
[RECONNECTED] screenshot taken at 20251013-200359
Successfully reconnected at 20251013-200359
