
=============== DEBUG ===============
Display size: 1710x1112
Screenshot directory: /Users/alexoh/Desktop/arrasbot/arrasbot_20251003-233820
Created variables in 0.02 seconds
Created controllers in 0.007 seconds
Defined functions in 0.0 seconds
Created directories in 0.0 seconds
Bot initialized in 0.027 seconds

================ LOG ================
Bot initialized at 20251003-233820
[RECONNECTED] screenshot taken at 20251003-233823
Successfully reconnected at 20251003-233823
[PERIODIC] screenshot taken at 20251003-233920
Detected backroom crash at 20251003-234008
[PERIODIC] screenshot taken at 20251003-234020
[PERIODIC] screenshot taken at 20251003-234120
[PERIODIC] screenshot taken at 20251003-234220
[PERIODIC] screenshot taken at 20251003-234321
[PERIODIC] screenshot taken at 20251003-234421
[PERIODIC] screenshot taken at 20251003-234521
[PERIODIC] screenshot taken at 20251003-234621
[PERIODIC] screenshot taken at 20251003-234721
[PERIODIC] screenshot taken at 20251003-234821
[PERIODIC] screenshot taken at 20251003-234921
[PERIODIC] screenshot taken at 20251003-235021
[PERIODIC] screenshot taken at 20251003-235121
[PERIODIC] screenshot taken at 20251003-235221
[PERIODIC] screenshot taken at 20251003-235321
[PERIODIC] screenshot taken at 20251003-235421
[PERIODIC] screenshot taken at 20251003-235521
[PERIODIC] screenshot taken at 20251003-235621
[PERIODIC] screenshot taken at 20251003-235721
Detected backroom crash at 20251003-235749
[PERIODIC] screenshot taken at 20251003-235822
[PERIODIC] screenshot taken at 20251003-235922
[PERIODIC] screenshot taken at 20251004-000022
[PERIODIC] screenshot taken at 20251004-000122
[PERIODIC] screenshot taken at 20251004-000222
[PERIODIC] screenshot taken at 20251004-000322
[PERIODIC] screenshot taken at 20251004-000422
[PERIODIC] screenshot taken at 20251004-000522
[PERIODIC] screenshot taken at 20251004-000622
[PERIODIC] screenshot taken at 20251004-000722
[PERIODIC] screenshot taken at 20251004-000822
[PERIODIC] screenshot taken at 20251004-000922
[PERIODIC] screenshot taken at 20251004-001022
[PERIODIC] screenshot taken at 20251004-001123
[PERIODIC] screenshot taken at 20251004-001223
[PERIODIC] screenshot taken at 20251004-001323
[PERIODIC] screenshot taken at 20251004-001423
[PERIODIC] screenshot taken at 20251004-001523
[PERIODIC] screenshot taken at 20251004-001623
[PERIODIC] screenshot taken at 20251004-001723
[PERIODIC] screenshot taken at 20251004-001823
[PERIODIC] screenshot taken at 20251004-001923
[PERIODIC] screenshot taken at 20251004-002023
[PERIODIC] screenshot taken at 20251004-002123
[PERIODIC] screenshot taken at 20251004-002223
[PERIODIC] screenshot taken at 20251004-002323
[PERIODIC] screenshot taken at 20251004-002424
Checking death at 20251004-002513
[DEATH] screenshot taken at 20251004-002516
Died at 20251004-002516
[RECONNECTED] screenshot taken at 20251004-002516
Successfully reconnected at 20251004-002516
[PERIODIC] screenshot taken at 20251004-002524
[PERIODIC] screenshot taken at 20251004-002624
[PERIODIC] screenshot taken at 20251004-002724
[PERIODIC] screenshot taken at 20251004-002824
[PERIODIC] screenshot taken at 20251004-002924
[PERIODIC] screenshot taken at 20251004-003024
[PERIODIC] screenshot taken at 20251004-003134
[PERIODIC] screenshot taken at 20251004-003234
[DISCONNECTED] screenshot taken at 20251004-003332
Disconnected at 20251004-003332
Disconnected, attempting to reconnect at 20251004-003332
[RECONNECTED] screenshot taken at 20251004-003334
Successfully reconnected at 20251004-003334
[PERIODIC] screenshot taken at 20251004-003334
[PERIODIC] screenshot taken at 20251004-003434
[PERIODIC] screenshot taken at 20251004-003534
[PERIODIC] screenshot taken at 20251004-003634
[PERIODIC] screenshot taken at 20251004-003734
[PERIODIC] screenshot taken at 20251004-003835
[PERIODIC] screenshot taken at 20251004-003935
Checking death at 20251004-004013
[DEATH] screenshot taken at 20251004-004016
Died at 20251004-004016
[RECONNECTED] screenshot taken at 20251004-004016
Successfully reconnected at 20251004-004016
Checking death at 20251004-004017
[DEATH] screenshot taken at 20251004-004020
Died at 20251004-004020
[RECONNECTED] screenshot taken at 20251004-004020
Successfully reconnected at 20251004-004020
[PERIODIC] screenshot taken at 20251004-004035
Checking death at 20251004-004123
[DEATH] screenshot taken at 20251004-004126
Died at 20251004-004126
[RECONNECTED] screenshot taken at 20251004-004127
Successfully reconnected at 20251004-004127
[PERIODIC] screenshot taken at 20251004-004135
[PERIODIC] screenshot taken at 20251004-004235
Checking death at 20251004-004238
[DEATH] screenshot taken at 20251004-004241
Died at 20251004-004241
[RECONNECTED] screenshot taken at 20251004-004242
Successfully reconnected at 20251004-004242
[PERIODIC] screenshot taken at 20251004-004335
Checking death at 20251004-004344
[DEATH] screenshot taken at 20251004-004347
Died at 20251004-004347
[RECONNECTED] screenshot taken at 20251004-004348
Successfully reconnected at 20251004-004348
[PERIODIC] screenshot taken at 20251004-004435
Checking death at 20251004-004449
[DEATH] screenshot taken at 20251004-004452
Died at 20251004-004452
[RECONNECTED] screenshot taken at 20251004-004452
Successfully reconnected at 20251004-004452
[PERIODIC] screenshot taken at 20251004-004535
Checking death at 20251004-004604
[DEATH] screenshot taken at 20251004-004607
Died at 20251004-004607
[RECONNECTED] screenshot taken at 20251004-004607
Successfully reconnected at 20251004-004607
[PERIODIC] screenshot taken at 20251004-004635
Detected backroom crash at 20251004-004716
Detected backroom crash at 20251004-004717
Detected backroom crash at 20251004-004720
Detected backroom crash at 20251004-004722
[PERIODIC] screenshot taken at 20251004-004735
Detected backroom crash at 20251004-004830
Detected backroom crash at 20251004-004833
[PERIODIC] screenshot taken at 20251004-004835
Detected backroom crash at 20251004-004837
Detected backroom crash at 20251004-004916
Detected backroom crash at 20251004-004925
Detected backroom crash at 20251004-004925
Detected backroom crash at 20251004-004925
[PERIODIC] screenshot taken at 20251004-004935
Detected backroom crash at 20251004-004940
Detected backroom crash at 20251004-004946
Detected backroom crash at 20251004-004947
Detected backroom crash at 20251004-004947
Detected backroom crash at 20251004-005026
Detected backroom crash at 20251004-005033
Detected backroom crash at 20251004-005035
[PERIODIC] screenshot taken at 20251004-005035
Checking death at 20251004-005043
[DEATH] screenshot taken at 20251004-005046
Died at 20251004-005046
[RECONNECTED] screenshot taken at 20251004-005046
Successfully reconnected at 20251004-005046
[PERIODIC] screenshot taken at 20251004-005136
[PERIODIC] screenshot taken at 20251004-005236
[PERIODIC] screenshot taken at 20251004-005336
[PERIODIC] screenshot taken at 20251004-005436
[PERIODIC] screenshot taken at 20251004-005536
[PERIODIC] screenshot taken at 20251004-005636
[PERIODIC] screenshot taken at 20251004-005736
[PERIODIC] screenshot taken at 20251004-005836
[PERIODIC] screenshot taken at 20251004-005936
[PERIODIC] screenshot taken at 20251004-010036
[PERIODIC] screenshot taken at 20251004-010136
[PERIODIC] screenshot taken at 20251004-010236
[PERIODIC] screenshot taken at 20251004-010336
[PERIODIC] screenshot taken at 20251004-010436
[PERIODIC] screenshot taken at 20251004-010537
Detected backroom crash at 20251004-010621
[PERIODIC] screenshot taken at 20251004-010637
[PERIODIC] screenshot taken at 20251004-010737
[PERIODIC] screenshot taken at 20251004-010837
Detected backroom crash at 20251004-010924
[PERIODIC] screenshot taken at 20251004-010937
[PERIODIC] screenshot taken at 20251004-011037
[PERIODIC] screenshot taken at 20251004-011137
[PERIODIC] screenshot taken at 20251004-011237
[PERIODIC] screenshot taken at 20251004-011337
[PERIODIC] screenshot taken at 20251004-011437
[PERIODIC] screenshot taken at 20251004-011537
[PERIODIC] screenshot taken at 20251004-011637
[PERIODIC] screenshot taken at 20251004-011737
[PERIODIC] screenshot taken at 20251004-011837
[PERIODIC] screenshot taken at 20251004-011938
[PERIODIC] screenshot taken at 20251004-012038
[PERIODIC] screenshot taken at 20251004-012138
[PERIODIC] screenshot taken at 20251004-012238
[PERIODIC] screenshot taken at 20251004-012338
[PERIODIC] screenshot taken at 20251004-012438
[PERIODIC] screenshot taken at 20251004-012538
[PERIODIC] screenshot taken at 20251004-012638
[PERIODIC] screenshot taken at 20251004-012738
[PERIODIC] screenshot taken at 20251004-012838
[PERIODIC] screenshot taken at 20251004-012938
[PERIODIC] screenshot taken at 20251004-013038
[PERIODIC] screenshot taken at 20251004-013138
[PERIODIC] screenshot taken at 20251004-013238
[PERIODIC] screenshot taken at 20251004-013339
[PERIODIC] screenshot taken at 20251004-013439
[PERIODIC] screenshot taken at 20251004-013539
[PERIODIC] screenshot taken at 20251004-013639
[PERIODIC] screenshot taken at 20251004-013739
[PERIODIC] screenshot taken at 20251004-013839
[PERIODIC] screenshot taken at 20251004-013939
[PERIODIC] screenshot taken at 20251004-014039
[PERIODIC] screenshot taken at 20251004-014139
[PERIODIC] screenshot taken at 20251004-014239
[PERIODIC] screenshot taken at 20251004-014339
[PERIODIC] screenshot taken at 20251004-014439
[PERIODIC] screenshot taken at 20251004-014540
[PERIODIC] screenshot taken at 20251004-014640
[PERIODIC] screenshot taken at 20251004-014740
[PERIODIC] screenshot taken at 20251004-014840
[PERIODIC] screenshot taken at 20251004-014940
[PERIODIC] screenshot taken at 20251004-015040
[PERIODIC] screenshot taken at 20251004-015140
[PERIODIC] screenshot taken at 20251004-015240
[PERIODIC] screenshot taken at 20251004-015340
[PERIODIC] screenshot taken at 20251004-015440
[PERIODIC] screenshot taken at 20251004-015540
[PERIODIC] screenshot taken at 20251004-015640
[PERIODIC] screenshot taken at 20251004-015740
Detected backroom crash at 20251004-015812
Detected backroom crash at 20251004-015813
[PERIODIC] screenshot taken at 20251004-015841
[PERIODIC] screenshot taken at 20251004-015941
[PERIODIC] screenshot taken at 20251004-020041
[PERIODIC] screenshot taken at 20251004-020141
[PERIODIC] screenshot taken at 20251004-020241
[PERIODIC] screenshot taken at 20251004-020341
[PERIODIC] screenshot taken at 20251004-020441
[PERIODIC] screenshot taken at 20251004-020541
[PERIODIC] screenshot taken at 20251004-020641
[PERIODIC] screenshot taken at 20251004-020741
[PERIODIC] screenshot taken at 20251004-020841
[PERIODIC] screenshot taken at 20251004-020941
[PERIODIC] screenshot taken at 20251004-021041
Detected backroom crash at 20251004-021105
Detected backroom crash at 20251004-021106
Detected backroom crash at 20251004-021106
Detected backroom crash at 20251004-021107
[PERIODIC] screenshot taken at 20251004-021141
[PERIODIC] screenshot taken at 20251004-021242
[PERIODIC] screenshot taken at 20251004-021342
[PERIODIC] screenshot taken at 20251004-021442
[PERIODIC] screenshot taken at 20251004-021542
[PERIODIC] screenshot taken at 20251004-021642
[PERIODIC] screenshot taken at 20251004-021742
[PERIODIC] screenshot taken at 20251004-021842
[PERIODIC] screenshot taken at 20251004-021942
[PERIODIC] screenshot taken at 20251004-022042
[PERIODIC] screenshot taken at 20251004-022142
[PERIODIC] screenshot taken at 20251004-022242
[PERIODIC] screenshot taken at 20251004-022342
[PERIODIC] screenshot taken at 20251004-022442
[PERIODIC] screenshot taken at 20251004-022542
[PERIODIC] screenshot taken at 20251004-022643
[PERIODIC] screenshot taken at 20251004-022743
[PERIODIC] screenshot taken at 20251004-022843
[PERIODIC] screenshot taken at 20251004-022943
[PERIODIC] screenshot taken at 20251004-023043
[PERIODIC] screenshot taken at 20251004-023143
[PERIODIC] screenshot taken at 20251004-023243
[PERIODIC] screenshot taken at 20251004-023343
[PERIODIC] screenshot taken at 20251004-023443
[PERIODIC] screenshot taken at 20251004-023543
[PERIODIC] screenshot taken at 20251004-023643
[PERIODIC] screenshot taken at 20251004-023744
[PERIODIC] screenshot taken at 20251004-023844
[PERIODIC] screenshot taken at 20251004-023944
[PERIODIC] screenshot taken at 20251004-024044
[PERIODIC] screenshot taken at 20251004-024144
[PERIODIC] screenshot taken at 20251004-024244
[PERIODIC] screenshot taken at 20251004-024344
[PERIODIC] screenshot taken at 20251004-024444
[PERIODIC] screenshot taken at 20251004-024544
[PERIODIC] screenshot taken at 20251004-024644
[PERIODIC] screenshot taken at 20251004-024744
[PERIODIC] screenshot taken at 20251004-024844
[PERIODIC] screenshot taken at 20251004-024944
[PERIODIC] screenshot taken at 20251004-025045
[PERIODIC] screenshot taken at 20251004-025145
[PERIODIC] screenshot taken at 20251004-025245
[PERIODIC] screenshot taken at 20251004-025345
[PERIODIC] screenshot taken at 20251004-025445
[PERIODIC] screenshot taken at 20251004-025545
[PERIODIC] screenshot taken at 20251004-025645
[PERIODIC] screenshot taken at 20251004-025745
[PERIODIC] screenshot taken at 20251004-025845
[PERIODIC] screenshot taken at 20251004-025945
[PERIODIC] screenshot taken at 20251004-030045
[PERIODIC] screenshot taken at 20251004-030145
[PERIODIC] screenshot taken at 20251004-030245
[PERIODIC] screenshot taken at 20251004-030345
[PERIODIC] screenshot taken at 20251004-030446
[PERIODIC] screenshot taken at 20251004-030546
[PERIODIC] screenshot taken at 20251004-030646
[PERIODIC] screenshot taken at 20251004-030746
[PERIODIC] screenshot taken at 20251004-030846
[PERIODIC] screenshot taken at 20251004-030946
[PERIODIC] screenshot taken at 20251004-031046
[PERIODIC] screenshot taken at 20251004-031146
[PERIODIC] screenshot taken at 20251004-031246
[PERIODIC] screenshot taken at 20251004-031346
[PERIODIC] screenshot taken at 20251004-031446
[PERIODIC] screenshot taken at 20251004-031546
[PERIODIC] screenshot taken at 20251004-031646
[PERIODIC] screenshot taken at 20251004-031747
[PERIODIC] screenshot taken at 20251004-031847
[PERIODIC] screenshot taken at 20251004-031947
[PERIODIC] screenshot taken at 20251004-032047
[PERIODIC] screenshot taken at 20251004-032147
[PERIODIC] screenshot taken at 20251004-032247
[PERIODIC] screenshot taken at 20251004-032347
[PERIODIC] screenshot taken at 20251004-032447
[PERIODIC] screenshot taken at 20251004-032547
[PERIODIC] screenshot taken at 20251004-032647
[PERIODIC] screenshot taken at 20251004-032747
[PERIODIC] screenshot taken at 20251004-032847
[PERIODIC] screenshot taken at 20251004-032947
[PERIODIC] screenshot taken at 20251004-033048
[PERIODIC] screenshot taken at 20251004-033148
[PERIODIC] screenshot taken at 20251004-033248
[PERIODIC] screenshot taken at 20251004-033348
[PERIODIC] screenshot taken at 20251004-033448
[PERIODIC] screenshot taken at 20251004-033548
[PERIODIC] screenshot taken at 20251004-033648
[PERIODIC] screenshot taken at 20251004-033748
[PERIODIC] screenshot taken at 20251004-033848
[PERIODIC] screenshot taken at 20251004-033948
[PERIODIC] screenshot taken at 20251004-034048
[PERIODIC] screenshot taken at 20251004-034148
[PERIODIC] screenshot taken at 20251004-034248
[PERIODIC] screenshot taken at 20251004-034349
[PERIODIC] screenshot taken at 20251004-034449
[PERIODIC] screenshot taken at 20251004-034549
[PERIODIC] screenshot taken at 20251004-034649
[PERIODIC] screenshot taken at 20251004-034749
[PERIODIC] screenshot taken at 20251004-034849
[PERIODIC] screenshot taken at 20251004-034949
[PERIODIC] screenshot taken at 20251004-035049
[PERIODIC] screenshot taken at 20251004-035149
[PERIODIC] screenshot taken at 20251004-035249
[PERIODIC] screenshot taken at 20251004-035349
[PERIODIC] screenshot taken at 20251004-035449
[PERIODIC] screenshot taken at 20251004-035549
[PERIODIC] screenshot taken at 20251004-035649
[PERIODIC] screenshot taken at 20251004-035749
[PERIODIC] screenshot taken at 20251004-035850
[PERIODIC] screenshot taken at 20251004-035950
[PERIODIC] screenshot taken at 20251004-040050
[PERIODIC] screenshot taken at 20251004-040150
[PERIODIC] screenshot taken at 20251004-040250
[PERIODIC] screenshot taken at 20251004-040350
Checking death at 20251004-040417
[DEATH] screenshot taken at 20251004-040420
Died at 20251004-040420
[RECONNECTED] screenshot taken at 20251004-040420
Successfully reconnected at 20251004-040420
[PERIODIC] screenshot taken at 20251004-040450
[PERIODIC] screenshot taken at 20251004-040550
[PERIODIC] screenshot taken at 20251004-040650
[PERIODIC] screenshot taken at 20251004-040750
[PERIODIC] screenshot taken at 20251004-040850
[PERIODIC] screenshot taken at 20251004-040951
[PERIODIC] screenshot taken at 20251004-041051
[PERIODIC] screenshot taken at 20251004-041151
[PERIODIC] screenshot taken at 20251004-041251
[PERIODIC] screenshot taken at 20251004-041351
[PERIODIC] screenshot taken at 20251004-041451
[PERIODIC] screenshot taken at 20251004-041551
[PERIODIC] screenshot taken at 20251004-041651
[PERIODIC] screenshot taken at 20251004-041751
Checking death at 20251004-041756
[DEATH] screenshot taken at 20251004-041759
Died at 20251004-041759
[RECONNECTED] screenshot taken at 20251004-041800
Successfully reconnected at 20251004-041800
[PERIODIC] screenshot taken at 20251004-041851
[PERIODIC] screenshot taken at 20251004-041951
[PERIODIC] screenshot taken at 20251004-042051
Checking death at 20251004-042151
[DEATH] screenshot taken at 20251004-042154
Died at 20251004-042154
[PERIODIC] screenshot taken at 20251004-042155
[RECONNECTED] screenshot taken at 20251004-042155
Successfully reconnected at 20251004-042155
[PERIODIC] screenshot taken at 20251004-042255
[PERIODIC] screenshot taken at 20251004-042355
[PERIODIC] screenshot taken at 20251004-042455
[PERIODIC] screenshot taken at 20251004-042555
[PERIODIC] screenshot taken at 20251004-042655
[PERIODIC] screenshot taken at 20251004-042755
[PERIODIC] screenshot taken at 20251004-042855
[PERIODIC] screenshot taken at 20251004-042955
[PERIODIC] screenshot taken at 20251004-043055
[PERIODIC] screenshot taken at 20251004-043155
[PERIODIC] screenshot taken at 20251004-043255
[PERIODIC] screenshot taken at 20251004-043355
[PERIODIC] screenshot taken at 20251004-043455
[PERIODIC] screenshot taken at 20251004-043555
[PERIODIC] screenshot taken at 20251004-043656
[PERIODIC] screenshot taken at 20251004-043756
[PERIODIC] screenshot taken at 20251004-043856
[PERIODIC] screenshot taken at 20251004-043956
[PERIODIC] screenshot taken at 20251004-044056
[PERIODIC] screenshot taken at 20251004-044156
[PERIODIC] screenshot taken at 20251004-044256
[PERIODIC] screenshot taken at 20251004-044356
[PERIODIC] screenshot taken at 20251004-044456
[PERIODIC] screenshot taken at 20251004-044556
[PERIODIC] screenshot taken at 20251004-044656
[PERIODIC] screenshot taken at 20251004-044756
Detected backroom crash at 20251004-044852
[PERIODIC] screenshot taken at 20251004-044856
[PERIODIC] screenshot taken at 20251004-044957
[PERIODIC] screenshot taken at 20251004-045057
[PERIODIC] screenshot taken at 20251004-045157
[PERIODIC] screenshot taken at 20251004-045257
[PERIODIC] screenshot taken at 20251004-045357
[PERIODIC] screenshot taken at 20251004-045457
[PERIODIC] screenshot taken at 20251004-045557
[PERIODIC] screenshot taken at 20251004-045657
[PERIODIC] screenshot taken at 20251004-045757
[PERIODIC] screenshot taken at 20251004-045857
[PERIODIC] screenshot taken at 20251004-045957
[PERIODIC] screenshot taken at 20251004-050057
[PERIODIC] screenshot taken at 20251004-050158
[PERIODIC] screenshot taken at 20251004-050258
[PERIODIC] screenshot taken at 20251004-050358
[PERIODIC] screenshot taken at 20251004-050458
[PERIODIC] screenshot taken at 20251004-050558
[PERIODIC] screenshot taken at 20251004-050658
Detected backroom crash at 20251004-050734
[PERIODIC] screenshot taken at 20251004-050758
[PERIODIC] screenshot taken at 20251004-050858
[PERIODIC] screenshot taken at 20251004-050958
[PERIODIC] screenshot taken at 20251004-051058
[PERIODIC] screenshot taken at 20251004-051158
[PERIODIC] screenshot taken at 20251004-051258
[PERIODIC] screenshot taken at 20251004-051358
[PERIODIC] screenshot taken at 20251004-051459
[PERIODIC] screenshot taken at 20251004-051559
[PERIODIC] screenshot taken at 20251004-051659
[PERIODIC] screenshot taken at 20251004-051759
[PERIODIC] screenshot taken at 20251004-051859
[PERIODIC] screenshot taken at 20251004-051959
[PERIODIC] screenshot taken at 20251004-052059
[PERIODIC] screenshot taken at 20251004-052159
[PERIODIC] screenshot taken at 20251004-052259
[PERIODIC] screenshot taken at 20251004-052359
[PERIODIC] screenshot taken at 20251004-052459
Detected backroom crash at 20251004-052543
Detected backroom crash at 20251004-052548
[PERIODIC] screenshot taken at 20251004-052559
[PERIODIC] screenshot taken at 20251004-052700
[PERIODIC] screenshot taken at 20251004-052800
[PERIODIC] screenshot taken at 20251004-052900
[PERIODIC] screenshot taken at 20251004-053000
[PERIODIC] screenshot taken at 20251004-053100
[PERIODIC] screenshot taken at 20251004-053200
[PERIODIC] screenshot taken at 20251004-053304
Detected backroom crash at 20251004-053333
Detected backroom crash at 20251004-053334
[PERIODIC] screenshot taken at 20251004-053404
[PERIODIC] screenshot taken at 20251004-053504
[PERIODIC] screenshot taken at 20251004-053604
[PERIODIC] screenshot taken at 20251004-053704
[PERIODIC] screenshot taken at 20251004-053804
[PERIODIC] screenshot taken at 20251004-053904
[PERIODIC] screenshot taken at 20251004-054004
[PERIODIC] screenshot taken at 20251004-054105
[PERIODIC] screenshot taken at 20251004-054205
[PERIODIC] screenshot taken at 20251004-054305
[PERIODIC] screenshot taken at 20251004-054405
[PERIODIC] screenshot taken at 20251004-054505
[PERIODIC] screenshot taken at 20251004-054605
[PERIODIC] screenshot taken at 20251004-054705
[PERIODIC] screenshot taken at 20251004-054805
[PERIODIC] screenshot taken at 20251004-054905
[PERIODIC] screenshot taken at 20251004-055005
[PERIODIC] screenshot taken at 20251004-055105
[PERIODIC] screenshot taken at 20251004-055205
[PERIODIC] screenshot taken at 20251004-055305
[PERIODIC] screenshot taken at 20251004-055406
[PERIODIC] screenshot taken at 20251004-055506
[PERIODIC] screenshot taken at 20251004-055606
[PERIODIC] screenshot taken at 20251004-055706
[PERIODIC] screenshot taken at 20251004-055806
[PERIODIC] screenshot taken at 20251004-055906
[PERIODIC] screenshot taken at 20251004-060006
[PERIODIC] screenshot taken at 20251004-060106
[PERIODIC] screenshot taken at 20251004-060206
[PERIODIC] screenshot taken at 20251004-060306
[PERIODIC] screenshot taken at 20251004-060406
[PERIODIC] screenshot taken at 20251004-060506
[PERIODIC] screenshot taken at 20251004-060606
[PERIODIC] screenshot taken at 20251004-060707
[PERIODIC] screenshot taken at 20251004-060807
[PERIODIC] screenshot taken at 20251004-060907
[PERIODIC] screenshot taken at 20251004-061007
[PERIODIC] screenshot taken at 20251004-061107
[PERIODIC] screenshot taken at 20251004-061207
[PERIODIC] screenshot taken at 20251004-061307
[PERIODIC] screenshot taken at 20251004-061407
[PERIODIC] screenshot taken at 20251004-061507
[PERIODIC] screenshot taken at 20251004-061607
[PERIODIC] screenshot taken at 20251004-061707
[PERIODIC] screenshot taken at 20251004-061807
[PERIODIC] screenshot taken at 20251004-061907
Checking death at 20251004-061912
[DEATH] screenshot taken at 20251004-061915
Died at 20251004-061915
[RECONNECTED] screenshot taken at 20251004-061916
Successfully reconnected at 20251004-061916
[PERIODIC] screenshot taken at 20251004-062008
[PERIODIC] screenshot taken at 20251004-062108
[PERIODIC] screenshot taken at 20251004-062208
[PERIODIC] screenshot taken at 20251004-062308
Detected backroom crash at 20251004-062335
[PERIODIC] screenshot taken at 20251004-062408
[PERIODIC] screenshot taken at 20251004-062508
[PERIODIC] screenshot taken at 20251004-062608
Detected backroom crash at 20251004-062626
Detected backroom crash at 20251004-062630
[PERIODIC] screenshot taken at 20251004-062708
[PERIODIC] screenshot taken at 20251004-062808
[PERIODIC] screenshot taken at 20251004-062908
[PERIODIC] screenshot taken at 20251004-063008
[PERIODIC] screenshot taken at 20251004-063108
[PERIODIC] screenshot taken at 20251004-063208
[PERIODIC] screenshot taken at 20251004-063308
Detected backroom crash at 20251004-063323
[PERIODIC] screenshot taken at 20251004-063408
[PERIODIC] screenshot taken at 20251004-063509
[PERIODIC] screenshot taken at 20251004-063609
[PERIODIC] screenshot taken at 20251004-063709
Detected backroom crash at 20251004-063801
[PERIODIC] screenshot taken at 20251004-063809
Checking death at 20251004-063834
[DEATH] screenshot taken at 20251004-063837
Died at 20251004-063837
[RECONNECTED] screenshot taken at 20251004-063837
Successfully reconnected at 20251004-063837
[PERIODIC] screenshot taken at 20251004-063909
[PERIODIC] screenshot taken at 20251004-064009
[PERIODIC] screenshot taken at 20251004-064109
[PERIODIC] screenshot taken at 20251004-064209
[PERIODIC] screenshot taken at 20251004-064309
[PERIODIC] screenshot taken at 20251004-064409
[PERIODIC] screenshot taken at 20251004-064509
[PERIODIC] screenshot taken at 20251004-064609
[PERIODIC] screenshot taken at 20251004-064710
[PERIODIC] screenshot taken at 20251004-064830
[PERIODIC] screenshot taken at 20251004-064930
[PERIODIC] screenshot taken at 20251004-065030
[PERIODIC] screenshot taken at 20251004-065130
Checking death at 20251004-065222
[DEATH] screenshot taken at 20251004-065225
Died at 20251004-065225
[RECONNECTED] screenshot taken at 20251004-065226
Successfully reconnected at 20251004-065226
[PERIODIC] screenshot taken at 20251004-065230
[PERIODIC] screenshot taken at 20251004-065330
[PERIODIC] screenshot taken at 20251004-065430
Checking death at 20251004-065445
[DEATH] screenshot taken at 20251004-065448
Died at 20251004-065448
[RECONNECTED] screenshot taken at 20251004-065448
Successfully reconnected at 20251004-065448
[PERIODIC] screenshot taken at 20251004-065531
[PERIODIC] screenshot taken at 20251004-065631
[PERIODIC] screenshot taken at 20251004-065731
[PERIODIC] screenshot taken at 20251004-065831
[PERIODIC] screenshot taken at 20251004-065931
[PERIODIC] screenshot taken at 20251004-070031
[PERIODIC] screenshot taken at 20251004-070131
Checking death at 20251004-070134
[DEATH] screenshot taken at 20251004-070137
Died at 20251004-070137
[RECONNECTED] screenshot taken at 20251004-070137
Successfully reconnected at 20251004-070137
[PERIODIC] screenshot taken at 20251004-070231
Checking death at 20251004-070305
[DEATH] screenshot taken at 20251004-070308
Died at 20251004-070308
[RECONNECTED] screenshot taken at 20251004-070308
Successfully reconnected at 20251004-070308
[PERIODIC] screenshot taken at 20251004-070331
[PERIODIC] screenshot taken at 20251004-070431
[PERIODIC] screenshot taken at 20251004-070531
[PERIODIC] screenshot taken at 20251004-070631
[PERIODIC] screenshot taken at 20251004-070731
[PERIODIC] screenshot taken at 20251004-070831
[PERIODIC] screenshot taken at 20251004-070931
[PERIODIC] screenshot taken at 20251004-071032
[PERIODIC] screenshot taken at 20251004-071132
Checking death at 20251004-071226
[DEATH] screenshot taken at 20251004-071229
Died at 20251004-071229
[RECONNECTED] screenshot taken at 20251004-071229
Successfully reconnected at 20251004-071229
[PERIODIC] screenshot taken at 20251004-071232
[PERIODIC] screenshot taken at 20251004-071332
[PERIODIC] screenshot taken at 20251004-071432
[PERIODIC] screenshot taken at 20251004-071532
[PERIODIC] screenshot taken at 20251004-071632
[PERIODIC] screenshot taken at 20251004-071732
[PERIODIC] screenshot taken at 20251004-071832
[PERIODIC] screenshot taken at 20251004-071932
[PERIODIC] screenshot taken at 20251004-072032
[PERIODIC] screenshot taken at 20251004-072132
[PERIODIC] screenshot taken at 20251004-072232
[PERIODIC] screenshot taken at 20251004-072333
[PERIODIC] screenshot taken at 20251004-072433
[PERIODIC] screenshot taken at 20251004-072533
[PERIODIC] screenshot taken at 20251004-072633
[PERIODIC] screenshot taken at 20251004-072733
[PERIODIC] screenshot taken at 20251004-072833
[PERIODIC] screenshot taken at 20251004-072933
[PERIODIC] screenshot taken at 20251004-073033
[PERIODIC] screenshot taken at 20251004-073133
[PERIODIC] screenshot taken at 20251004-073233
[PERIODIC] screenshot taken at 20251004-073333
[PERIODIC] screenshot taken at 20251004-073433
Checking death at 20251004-073524
[DEATH] screenshot taken at 20251004-073528
Died at 20251004-073528
[RECONNECTED] screenshot taken at 20251004-073528
Successfully reconnected at 20251004-073528
[PERIODIC] screenshot taken at 20251004-073533
[PERIODIC] screenshot taken at 20251004-073634
[PERIODIC] screenshot taken at 20251004-073734
[PERIODIC] screenshot taken at 20251004-073834
Detected backroom crash at 20251004-073841
[PERIODIC] screenshot taken at 20251004-073934
[PERIODIC] screenshot taken at 20251004-074034
[PERIODIC] screenshot taken at 20251004-074134
[PERIODIC] screenshot taken at 20251004-074234
[PERIODIC] screenshot taken at 20251004-074334
[PERIODIC] screenshot taken at 20251004-074434
[PERIODIC] screenshot taken at 20251004-074534
[PERIODIC] screenshot taken at 20251004-074634
[PERIODIC] screenshot taken at 20251004-074734
[PERIODIC] screenshot taken at 20251004-074834
[PERIODIC] screenshot taken at 20251004-074935
[PERIODIC] screenshot taken at 20251004-075035
[PERIODIC] screenshot taken at 20251004-075135
[PERIODIC] screenshot taken at 20251004-075235
[PERIODIC] screenshot taken at 20251004-075335
[PERIODIC] screenshot taken at 20251004-075435
Checking death at 20251004-075510
[DEATH] screenshot taken at 20251004-075513
Died at 20251004-075513
[RECONNECTED] screenshot taken at 20251004-075513
Successfully reconnected at 20251004-075513
[PERIODIC] screenshot taken at 20251004-075535
[PERIODIC] screenshot taken at 20251004-075635
[PERIODIC] screenshot taken at 20251004-075735
[PERIODIC] screenshot taken at 20251004-075835
Checking death at 20251004-075843
[DEATH] screenshot taken at 20251004-075846
Died at 20251004-075846
[RECONNECTED] screenshot taken at 20251004-075846
Successfully reconnected at 20251004-075846
[PERIODIC] screenshot taken at 20251004-075935
[PERIODIC] screenshot taken at 20251004-080035
[PERIODIC] screenshot taken at 20251004-080135
[PERIODIC] screenshot taken at 20251004-080236
[PERIODIC] screenshot taken at 20251004-080336
[PERIODIC] screenshot taken at 20251004-080436
[PERIODIC] screenshot taken at 20251004-080536
[PERIODIC] screenshot taken at 20251004-080636
[PERIODIC] screenshot taken at 20251004-080736
[PERIODIC] screenshot taken at 20251004-080836
[PERIODIC] screenshot taken at 20251004-080936
[PERIODIC] screenshot taken at 20251004-081036
[PERIODIC] screenshot taken at 20251004-081136
[PERIODIC] screenshot taken at 20251004-081236
[PERIODIC] screenshot taken at 20251004-081336
[PERIODIC] screenshot taken at 20251004-081436
[PERIODIC] screenshot taken at 20251004-081537
Checking death at 20251004-081622
[DEATH] screenshot taken at 20251004-081625
Died at 20251004-081625
[RECONNECTED] screenshot taken at 20251004-081626
Successfully reconnected at 20251004-081626
[PERIODIC] screenshot taken at 20251004-081637
Detected backroom crash at 20251004-081656
Detected backroom crash at 20251004-081704
Checking death at 20251004-081726
[DEATH] screenshot taken at 20251004-081729
Died at 20251004-081729
[RECONNECTED] screenshot taken at 20251004-081729
Successfully reconnected at 20251004-081729
[PERIODIC] screenshot taken at 20251004-081737
[PERIODIC] screenshot taken at 20251004-081837
[PERIODIC] screenshot taken at 20251004-081937
[PERIODIC] screenshot taken at 20251004-082037
[PERIODIC] screenshot taken at 20251004-082137
[PERIODIC] screenshot taken at 20251004-082237
[PERIODIC] screenshot taken at 20251004-082337
[PERIODIC] screenshot taken at 20251004-082437
[PERIODIC] screenshot taken at 20251004-082537
[PERIODIC] screenshot taken at 20251004-082637
[PERIODIC] screenshot taken at 20251004-082737
[PERIODIC] screenshot taken at 20251004-082838
[PERIODIC] screenshot taken at 20251004-082938
[PERIODIC] screenshot taken at 20251004-083038
[PERIODIC] screenshot taken at 20251004-083138
[PERIODIC] screenshot taken at 20251004-083238
[PERIODIC] screenshot taken at 20251004-083338
[PERIODIC] screenshot taken at 20251004-083438
[PERIODIC] screenshot taken at 20251004-083538
[PERIODIC] screenshot taken at 20251004-083638
[PERIODIC] screenshot taken at 20251004-083738
[PERIODIC] screenshot taken at 20251004-083838
[PERIODIC] screenshot taken at 20251004-083938
[PERIODIC] screenshot taken at 20251004-084038
[PERIODIC] screenshot taken at 20251004-084138
[PERIODIC] screenshot taken at 20251004-084239
[PERIODIC] screenshot taken at 20251004-084339
[PERIODIC] screenshot taken at 20251004-084439
[PERIODIC] screenshot taken at 20251004-084539
[PERIODIC] screenshot taken at 20251004-084639
[PERIODIC] screenshot taken at 20251004-084739
[PERIODIC] screenshot taken at 20251004-084839
[PERIODIC] screenshot taken at 20251004-084939
[PERIODIC] screenshot taken at 20251004-085039
[PERIODIC] screenshot taken at 20251004-085139
[PERIODIC] screenshot taken at 20251004-085239
[PERIODIC] screenshot taken at 20251004-085339
[PERIODIC] screenshot taken at 20251004-085440
[PERIODIC] screenshot taken at 20251004-085540
[PERIODIC] screenshot taken at 20251004-085640
[PERIODIC] screenshot taken at 20251004-085740
[PERIODIC] screenshot taken at 20251004-085840
[PERIODIC] screenshot taken at 20251004-085940
[PERIODIC] screenshot taken at 20251004-090040
[PERIODIC] screenshot taken at 20251004-090140
[PERIODIC] screenshot taken at 20251004-090240
[PERIODIC] screenshot taken at 20251004-090340
[PERIODIC] screenshot taken at 20251004-090440
[PERIODIC] screenshot taken at 20251004-090540
[PERIODIC] screenshot taken at 20251004-090640
[PERIODIC] screenshot taken at 20251004-090741
[PERIODIC] screenshot taken at 20251004-090841
[PERIODIC] screenshot taken at 20251004-090941
[PERIODIC] screenshot taken at 20251004-091041
[PERIODIC] screenshot taken at 20251004-091141
[PERIODIC] screenshot taken at 20251004-091241
[PERIODIC] screenshot taken at 20251004-091341
[PERIODIC] screenshot taken at 20251004-091441
[PERIODIC] screenshot taken at 20251004-091541
[PERIODIC] screenshot taken at 20251004-091641
[PERIODIC] screenshot taken at 20251004-091741
[PERIODIC] screenshot taken at 20251004-091841
Checking death at 20251004-091853
[DEATH] screenshot taken at 20251004-091857
Died at 20251004-091857
[RECONNECTED] screenshot taken at 20251004-091857
Successfully reconnected at 20251004-091857
[PERIODIC] screenshot taken at 20251004-091941
[PERIODIC] screenshot taken at 20251004-092042
[PERIODIC] screenshot taken at 20251004-092142
[PERIODIC] screenshot taken at 20251004-092242
[PERIODIC] screenshot taken at 20251004-092342
[PERIODIC] screenshot taken at 20251004-092442
[PERIODIC] screenshot taken at 20251004-092542
[PERIODIC] screenshot taken at 20251004-092642
[PERIODIC] screenshot taken at 20251004-092742
[PERIODIC] screenshot taken at 20251004-092842
[PERIODIC] screenshot taken at 20251004-092942
[PERIODIC] screenshot taken at 20251004-093042
[PERIODIC] screenshot taken at 20251004-093142
[PERIODIC] screenshot taken at 20251004-093242
[PERIODIC] screenshot taken at 20251004-093343
[PERIODIC] screenshot taken at 20251004-093443
[PERIODIC] screenshot taken at 20251004-093543
[PERIODIC] screenshot taken at 20251004-093643
[PERIODIC] screenshot taken at 20251004-093743
[PERIODIC] screenshot taken at 20251004-093843
[PERIODIC] screenshot taken at 20251004-093943
[PERIODIC] screenshot taken at 20251004-094043
[PERIODIC] screenshot taken at 20251004-094143
[PERIODIC] screenshot taken at 20251004-094243
[PERIODIC] screenshot taken at 20251004-094343
[PERIODIC] screenshot taken at 20251004-094443
[PERIODIC] screenshot taken at 20251004-094544
Checking death at 20251004-094615
[DEATH] screenshot taken at 20251004-094618
Died at 20251004-094618
[RECONNECTED] screenshot taken at 20251004-094618
Successfully reconnected at 20251004-094618
[PERIODIC] screenshot taken at 20251004-094644
[PERIODIC] screenshot taken at 20251004-094744
[PERIODIC] screenshot taken at 20251004-094844
[PERIODIC] screenshot taken at 20251004-094944
[PERIODIC] screenshot taken at 20251004-095044
[PERIODIC] screenshot taken at 20251004-095144
[PERIODIC] screenshot taken at 20251004-095244
[PERIODIC] screenshot taken at 20251004-095344
[PERIODIC] screenshot taken at 20251004-095444
[PERIODIC] screenshot taken at 20251004-095544
[PERIODIC] screenshot taken at 20251004-095644
[PERIODIC] screenshot taken at 20251004-095744
Checking death at 20251004-095839
[DEATH] screenshot taken at 20251004-095842
Died at 20251004-095842
[RECONNECTED] screenshot taken at 20251004-095842
Successfully reconnected at 20251004-095842
[PERIODIC] screenshot taken at 20251004-095845
[PERIODIC] screenshot taken at 20251004-095945
[PERIODIC] screenshot taken at 20251004-100045
[PERIODIC] screenshot taken at 20251004-100145
[PERIODIC] screenshot taken at 20251004-100245
[PERIODIC] screenshot taken at 20251004-100345
[PERIODIC] screenshot taken at 20251004-100445
[PERIODIC] screenshot taken at 20251004-100545
[PERIODIC] screenshot taken at 20251004-100645
[PERIODIC] screenshot taken at 20251004-100745
[PERIODIC] screenshot taken at 20251004-100845
[PERIODIC] screenshot taken at 20251004-100945
[PERIODIC] screenshot taken at 20251004-101045
[PERIODIC] screenshot taken at 20251004-101146
[PERIODIC] screenshot taken at 20251004-101246
[PERIODIC] screenshot taken at 20251004-101346
[PERIODIC] screenshot taken at 20251004-101446
Checking death at 20251004-101503
[DEATH] screenshot taken at 20251004-101506
Died at 20251004-101506
[RECONNECTED] screenshot taken at 20251004-101506
Successfully reconnected at 20251004-101506
[PERIODIC] screenshot taken at 20251004-101546
[PERIODIC] screenshot taken at 20251004-101646
Checking death at 20251004-101737
[DEATH] screenshot taken at 20251004-101741
Died at 20251004-101741
[RECONNECTED] screenshot taken at 20251004-101741
Successfully reconnected at 20251004-101741
[PERIODIC] screenshot taken at 20251004-101746
[PERIODIC] screenshot taken at 20251004-101846
Checking death at 20251004-101925
[DEATH] screenshot taken at 20251004-101928
Died at 20251004-101928
[RECONNECTED] screenshot taken at 20251004-101928
Successfully reconnected at 20251004-101928
[PERIODIC] screenshot taken at 20251004-101946
[PERIODIC] screenshot taken at 20251004-102046
[PERIODIC] screenshot taken at 20251004-102146
[PERIODIC] screenshot taken at 20251004-102247
[PERIODIC] screenshot taken at 20251004-102347
[PERIODIC] screenshot taken at 20251004-102447
[PERIODIC] screenshot taken at 20251004-102547
[PERIODIC] screenshot taken at 20251004-102647
[PERIODIC] screenshot taken at 20251004-102747
[PERIODIC] screenshot taken at 20251004-102847
[PERIODIC] screenshot taken at 20251004-102947
[PERIODIC] screenshot taken at 20251004-103047
[PERIODIC] screenshot taken at 20251004-103147
[PERIODIC] screenshot taken at 20251004-103247
[PERIODIC] screenshot taken at 20251004-103347
[PERIODIC] screenshot taken at 20251004-103502
[PERIODIC] screenshot taken at 20251004-103602
Checking death at 20251004-103616
[DEATH] screenshot taken at 20251004-103619
Died at 20251004-103619
[RECONNECTED] screenshot taken at 20251004-103620
Successfully reconnected at 20251004-103620
[PERIODIC] screenshot taken at 20251004-103702
[PERIODIC] screenshot taken at 20251004-103802
[PERIODIC] screenshot taken at 20251004-103902
[PERIODIC] screenshot taken at 20251004-104002
[PERIODIC] screenshot taken at 20251004-104102
[PERIODIC] screenshot taken at 20251004-104202
[PERIODIC] screenshot taken at 20251004-104302
[PERIODIC] screenshot taken at 20251004-104402
[PERIODIC] screenshot taken at 20251004-104503
[PERIODIC] screenshot taken at 20251004-104603
[PERIODIC] screenshot taken at 20251004-104703
[PERIODIC] screenshot taken at 20251004-104803
[PERIODIC] screenshot taken at 20251004-104903
[PERIODIC] screenshot taken at 20251004-105003
[PERIODIC] screenshot taken at 20251004-105103
[PERIODIC] screenshot taken at 20251004-105203
[PERIODIC] screenshot taken at 20251004-105303
[PERIODIC] screenshot taken at 20251004-105403
[PERIODIC] screenshot taken at 20251004-105503
[PERIODIC] screenshot taken at 20251004-105603
[PERIODIC] screenshot taken at 20251004-105703
[PERIODIC] screenshot taken at 20251004-105803
[PERIODIC] screenshot taken at 20251004-105904
[PERIODIC] screenshot taken at 20251004-110004
[PERIODIC] screenshot taken at 20251004-110104
[PERIODIC] screenshot taken at 20251004-110204
[PERIODIC] screenshot taken at 20251004-110304
[PERIODIC] screenshot taken at 20251004-110404
[PERIODIC] screenshot taken at 20251004-110504
[PERIODIC] screenshot taken at 20251004-110604
[PERIODIC] screenshot taken at 20251004-110704
[PERIODIC] screenshot taken at 20251004-110804
[PERIODIC] screenshot taken at 20251004-110904
[PERIODIC] screenshot taken at 20251004-111004
[PERIODIC] screenshot taken at 20251004-111104
[PERIODIC] screenshot taken at 20251004-111205
[PERIODIC] screenshot taken at 20251004-111305
[PERIODIC] screenshot taken at 20251004-111405
[PERIODIC] screenshot taken at 20251004-111505
[PERIODIC] screenshot taken at 20251004-111605
[PERIODIC] screenshot taken at 20251004-111705
[PERIODIC] screenshot taken at 20251004-111805
[PERIODIC] screenshot taken at 20251004-111905
[PERIODIC] screenshot taken at 20251004-112005
[PERIODIC] screenshot taken at 20251004-112105
Checking death at 20251004-112139
[DEATH] screenshot taken at 20251004-112142
Died at 20251004-112142
[RECONNECTED] screenshot taken at 20251004-112142
Successfully reconnected at 20251004-112142
[PERIODIC] screenshot taken at 20251004-112205
[PERIODIC] screenshot taken at 20251004-112305
[PERIODIC] screenshot taken at 20251004-112406
[PERIODIC] screenshot taken at 20251004-112506
[PERIODIC] screenshot taken at 20251004-112606
[PERIODIC] screenshot taken at 20251004-112706
[PERIODIC] screenshot taken at 20251004-112806
[PERIODIC] screenshot taken at 20251004-112906
[PERIODIC] screenshot taken at 20251004-113006
Checking death at 20251004-113045
[DEATH] screenshot taken at 20251004-113048
Died at 20251004-113048
[RECONNECTED] screenshot taken at 20251004-113048
Successfully reconnected at 20251004-113048
[PERIODIC] screenshot taken at 20251004-113106
[PERIODIC] screenshot taken at 20251004-113206
[PERIODIC] screenshot taken at 20251004-113306
[PERIODIC] screenshot taken at 20251004-113406
[PERIODIC] screenshot taken at 20251004-113506
[PERIODIC] screenshot taken at 20251004-113606
[PERIODIC] screenshot taken at 20251004-113707
Checking death at 20251004-113726
[DEATH] screenshot taken at 20251004-113729
Died at 20251004-113729
[RECONNECTED] screenshot taken at 20251004-113729
Successfully reconnected at 20251004-113729
[PERIODIC] screenshot taken at 20251004-113807
[PERIODIC] screenshot taken at 20251004-113907
Checking death at 20251004-113915
[DEATH] screenshot taken at 20251004-113918
Died at 20251004-113918
[RECONNECTED] screenshot taken at 20251004-113918
Successfully reconnected at 20251004-113918
[PERIODIC] screenshot taken at 20251004-114007
[PERIODIC] screenshot taken at 20251004-114107
[PERIODIC] screenshot taken at 20251004-114207
[PERIODIC] screenshot taken at 20251004-114307
[PERIODIC] screenshot taken at 20251004-114407
[PERIODIC] screenshot taken at 20251004-114507
[PERIODIC] screenshot taken at 20251004-114607
[PERIODIC] screenshot taken at 20251004-114707
[PERIODIC] screenshot taken at 20251004-114807
[PERIODIC] screenshot taken at 20251004-114907
[PERIODIC] screenshot taken at 20251004-115029
[PERIODIC] screenshot taken at 20251004-115129
[PERIODIC] screenshot taken at 20251004-115229
Checking death at 20251004-115317
[DEATH] screenshot taken at 20251004-115320
Died at 20251004-115320
[RECONNECTED] screenshot taken at 20251004-115320
Successfully reconnected at 20251004-115320
[PERIODIC] screenshot taken at 20251004-115329
[PERIODIC] screenshot taken at 20251004-115429
[PERIODIC] screenshot taken at 20251004-115529
[PERIODIC] screenshot taken at 20251004-115629
[PERIODIC] screenshot taken at 20251004-115729
[PERIODIC] screenshot taken at 20251004-115829
[PERIODIC] screenshot taken at 20251004-115929
[PERIODIC] screenshot taken at 20251004-120030
[PERIODIC] screenshot taken at 20251004-120130
[PERIODIC] screenshot taken at 20251004-120230
[PERIODIC] screenshot taken at 20251004-120330
[PERIODIC] screenshot taken at 20251004-120430
[PERIODIC] screenshot taken at 20251004-120530
[PERIODIC] screenshot taken at 20251004-120630
[PERIODIC] screenshot taken at 20251004-120730
[PERIODIC] screenshot taken at 20251004-120830
[PERIODIC] screenshot taken at 20251004-120930
[PERIODIC] screenshot taken at 20251004-121030
[PERIODIC] screenshot taken at 20251004-121130
[PERIODIC] screenshot taken at 20251004-121230
[PERIODIC] screenshot taken at 20251004-121331
[PERIODIC] screenshot taken at 20251004-121431
[PERIODIC] screenshot taken at 20251004-121531
[PERIODIC] screenshot taken at 20251004-121631
[PERIODIC] screenshot taken at 20251004-121731
[PERIODIC] screenshot taken at 20251004-121831
[PERIODIC] screenshot taken at 20251004-121931
[PERIODIC] screenshot taken at 20251004-122031
[PERIODIC] screenshot taken at 20251004-122131
[PERIODIC] screenshot taken at 20251004-122231
[PERIODIC] screenshot taken at 20251004-122331
[PERIODIC] screenshot taken at 20251004-122431
[PERIODIC] screenshot taken at 20251004-122531
[PERIODIC] screenshot taken at 20251004-122632
[PERIODIC] screenshot taken at 20251004-122732
[PERIODIC] screenshot taken at 20251004-122832
[PERIODIC] screenshot taken at 20251004-122932
[PERIODIC] screenshot taken at 20251004-123032
[PERIODIC] screenshot taken at 20251004-123132
[PERIODIC] screenshot taken at 20251004-123232
[PERIODIC] screenshot taken at 20251004-123332
[PERIODIC] screenshot taken at 20251004-123432
[PERIODIC] screenshot taken at 20251004-123532
[PERIODIC] screenshot taken at 20251004-123632
[PERIODIC] screenshot taken at 20251004-123732
[PERIODIC] screenshot taken at 20251004-123832
[PERIODIC] screenshot taken at 20251004-123933
[PERIODIC] screenshot taken at 20251004-124033
[PERIODIC] screenshot taken at 20251004-124133
[PERIODIC] screenshot taken at 20251004-124233
[PERIODIC] screenshot taken at 20251004-124333
[PERIODIC] screenshot taken at 20251004-124433
[PERIODIC] screenshot taken at 20251004-124533
[PERIODIC] screenshot taken at 20251004-124633
[PERIODIC] screenshot taken at 20251004-124733
[PERIODIC] screenshot taken at 20251004-124833
[PERIODIC] screenshot taken at 20251004-124933
[PERIODIC] screenshot taken at 20251004-125033
[PERIODIC] screenshot taken at 20251004-125133
[PERIODIC] screenshot taken at 20251004-125234
[PERIODIC] screenshot taken at 20251004-125334
[PERIODIC] screenshot taken at 20251004-125434
[PERIODIC] screenshot taken at 20251004-125534
[PERIODIC] screenshot taken at 20251004-125634
[PERIODIC] screenshot taken at 20251004-125734
[PERIODIC] screenshot taken at 20251004-125834
[PERIODIC] screenshot taken at 20251004-125934
[PERIODIC] screenshot taken at 20251004-130034
[PERIODIC] screenshot taken at 20251004-130134
[PERIODIC] screenshot taken at 20251004-130234
[PERIODIC] screenshot taken at 20251004-130335
[PERIODIC] screenshot taken at 20251004-130435
[PERIODIC] screenshot taken at 20251004-130542
[PERIODIC] screenshot taken at 20251004-130643
[PERIODIC] screenshot taken at 20251004-130743
[PERIODIC] screenshot taken at 20251004-130843
[PERIODIC] screenshot taken at 20251004-130943
[PERIODIC] screenshot taken at 20251004-131043
[PERIODIC] screenshot taken at 20251004-131143
[PERIODIC] screenshot taken at 20251004-131243
[PERIODIC] screenshot taken at 20251004-131343
[PERIODIC] screenshot taken at 20251004-131443
[PERIODIC] screenshot taken at 20251004-131543
[PERIODIC] screenshot taken at 20251004-131643
[PERIODIC] screenshot taken at 20251004-131743
[PERIODIC] screenshot taken at 20251004-131843
[PERIODIC] screenshot taken at 20251004-131944
[PERIODIC] screenshot taken at 20251004-132044
Checking death at 20251004-132134
[DEATH] screenshot taken at 20251004-132137
Died at 20251004-132137
[RECONNECTED] screenshot taken at 20251004-132137
Successfully reconnected at 20251004-132137
[PERIODIC] screenshot taken at 20251004-132144
Detected backroom crash at 20251004-132227
Detected backroom crash at 20251004-132227
Detected backroom crash at 20251004-132227
Detected backroom crash at 20251004-132228
Detected backroom crash at 20251004-132228
Detected backroom crash at 20251004-132228
Detected backroom crash at 20251004-132229
Detected backroom crash at 20251004-132229
[PERIODIC] screenshot taken at 20251004-132244
Detected backroom crash at 20251004-132316
[PERIODIC] screenshot taken at 20251004-132344
Detected backroom crash at 20251004-132409
Checking death at 20251004-132413
[DEATH] screenshot taken at 20251004-132416
Died at 20251004-132416
[RECONNECTED] screenshot taken at 20251004-132417
Successfully reconnected at 20251004-132417
Detected backroom crash at 20251004-132423
Detected backroom crash at 20251004-132423
Detected backroom crash at 20251004-132424
[PERIODIC] screenshot taken at 20251004-132444
Checking death at 20251004-132519
[DEATH] screenshot taken at 20251004-132522
Died at 20251004-132522
[DISCONNECTED] screenshot taken at 20251004-132522
Disconnected at 20251004-132522
Disconnected, attempting to reconnect at 20251004-132522
Disconnected at 20251004-132523
Disconnected at 20251004-132524
Disconnected at 20251004-132525
Disconnected at 20251004-132525
Disconnected at 20251004-132526
Disconnected at 20251004-132527
Disconnected at 20251004-132528
Disconnected at 20251004-132528
Disconnected at 20251004-132529
Disconnected at 20251004-132532
Disconnected at 20251004-132533
Disconnected at 20251004-132535
Disconnected at 20251004-132536
Disconnected at 20251004-132536
Disconnected at 20251004-132539
[RECONNECTED] screenshot taken at 20251004-132541
Successfully reconnected at 20251004-132541
[PERIODIC] screenshot taken at 20251004-132544
