
=============== DEBUG ===============
Display size: 1710x1112
Screenshot directory: /Users/alexoh/Desktop/arrasbot/arrasbot_20251005-113928
Created variables in 0.025 seconds
Created controllers in 0.011 seconds
Defined functions in 0.0 seconds
Created directories in 0.0 seconds
Bot initialized in 0.036 seconds

================ LOG ================
Bot initialized at 20251005-113928
[RECONNECTED] screenshot taken at 20251005-113935
Successfully reconnected at 20251005-113935
Checking death at 20251005-113941
[DEATH] screenshot taken at 20251005-113944
Died at 20251005-113944
[RECONNECTED] screenshot taken at 20251005-113944
Successfully reconnected at 20251005-113944
[PERIODIC] screenshot taken at 20251005-114028
Detected backroom crash at 20251005-114049
Detected backroom crash at 20251005-114049
Detected backroom crash at 20251005-114050
[PERIODIC] screenshot taken at 20251005-114128
[PERIODIC] screenshot taken at 20251005-114228
Detected backroom crash at 20251005-114301
[PERIODIC] screenshot taken at 20251005-114328
Detected backroom crash at 20251005-114355
[PERIODIC] screenshot taken at 20251005-114428
[PERIODIC] screenshot taken at 20251005-114528
[PERIODIC] screenshot taken at 20251005-114628
[PERIODIC] screenshot taken at 20251005-114728
[PERIODIC] screenshot taken at 20251005-114828
[PERIODIC] screenshot taken at 20251005-114928
[PERIODIC] screenshot taken at 20251005-115028
[PERIODIC] screenshot taken at 20251005-115128
[PERIODIC] screenshot taken at 20251005-115229
[PERIODIC] screenshot taken at 20251005-115329
[PERIODIC] screenshot taken at 20251005-115429
[PERIODIC] screenshot taken at 20251005-115529
[PERIODIC] screenshot taken at 20251005-115629
[PERIODIC] screenshot taken at 20251005-115729
[PERIODIC] screenshot taken at 20251005-115829
[PERIODIC] screenshot taken at 20251005-115929
[PERIODIC] screenshot taken at 20251005-120029
[PERIODIC] screenshot taken at 20251005-120129
[PERIODIC] screenshot taken at 20251005-120229
[PERIODIC] screenshot taken at 20251005-120329
[PERIODIC] screenshot taken at 20251005-120430
[PERIODIC] screenshot taken at 20251005-120530
[PERIODIC] screenshot taken at 20251005-120630
[PERIODIC] screenshot taken at 20251005-120730
[PERIODIC] screenshot taken at 20251005-120830
[PERIODIC] screenshot taken at 20251005-120930
[PERIODIC] screenshot taken at 20251005-121030
[PERIODIC] screenshot taken at 20251005-121130
[PERIODIC] screenshot taken at 20251005-121230
[PERIODIC] screenshot taken at 20251005-121330
[PERIODIC] screenshot taken at 20251005-121430
[PERIODIC] screenshot taken at 20251005-121530
[PERIODIC] screenshot taken at 20251005-121630
[PERIODIC] screenshot taken at 20251005-121731
[PERIODIC] screenshot taken at 20251005-121831
[PERIODIC] screenshot taken at 20251005-121931
[PERIODIC] screenshot taken at 20251005-122031
[PERIODIC] screenshot taken at 20251005-122131
Detected backroom crash at 20251005-122229
Detected backroom crash at 20251005-122229
[PERIODIC] screenshot taken at 20251005-122231
[PERIODIC] screenshot taken at 20251005-122331
[PERIODIC] screenshot taken at 20251005-122431
[PERIODIC] screenshot taken at 20251005-122531
[PERIODIC] screenshot taken at 20251005-122631
[PERIODIC] screenshot taken at 20251005-122731
[PERIODIC] screenshot taken at 20251005-122832
[PERIODIC] screenshot taken at 20251005-122943
[PERIODIC] screenshot taken at 20251005-123043
[PERIODIC] screenshot taken at 20251005-123143
[PERIODIC] screenshot taken at 20251005-123243
[PERIODIC] screenshot taken at 20251005-123343
Checking death at 20251005-123440
[DEATH] screenshot taken at 20251005-123443
Died at 20251005-123443
[PERIODIC] screenshot taken at 20251005-123444
[RECONNECTED] screenshot taken at 20251005-123444
Successfully reconnected at 20251005-123444
[PERIODIC] screenshot taken at 20251005-123544
[PERIODIC] screenshot taken at 20251005-123644
Checking death at 20251005-123702
[DEATH] screenshot taken at 20251005-123705
Died at 20251005-123705
[RECONNECTED] screenshot taken at 20251005-123705
Successfully reconnected at 20251005-123705
[PERIODIC] screenshot taken at 20251005-123744
Detected backroom crash at 20251005-123825
[PERIODIC] screenshot taken at 20251005-123844
[PERIODIC] screenshot taken at 20251005-123944
Detected backroom crash at 20251005-123953
Detected backroom crash at 20251005-123954
Checking death at 20251005-124006
[DEATH] screenshot taken at 20251005-124009
Died at 20251005-124009
[RECONNECTED] screenshot taken at 20251005-124009
Successfully reconnected at 20251005-124009
[PERIODIC] screenshot taken at 20251005-124044
[PERIODIC] screenshot taken at 20251005-124144
[PERIODIC] screenshot taken at 20251005-124244
Detected backroom crash at 20251005-124251
Detected backroom crash at 20251005-124320
[PERIODIC] screenshot taken at 20251005-124344
Detected backroom crash at 20251005-124349
[PERIODIC] screenshot taken at 20251005-124444
[PERIODIC] screenshot taken at 20251005-124544
Detected backroom crash at 20251005-124547
Detected backroom crash at 20251005-124549
Detected backroom crash at 20251005-124550
Detected backroom crash at 20251005-124601
Detected backroom crash at 20251005-124612
Detected backroom crash at 20251005-124631
[PERIODIC] screenshot taken at 20251005-124644
[PERIODIC] screenshot taken at 20251005-124745
[PERIODIC] screenshot taken at 20251005-124845
[PERIODIC] screenshot taken at 20251005-124945
[PERIODIC] screenshot taken at 20251005-125045
[PERIODIC] screenshot taken at 20251005-125145
[PERIODIC] screenshot taken at 20251005-125245
Detected backroom crash at 20251005-125333
Detected backroom crash at 20251005-125333
[PERIODIC] screenshot taken at 20251005-125345
[PERIODIC] screenshot taken at 20251005-125445
Checking death at 20251005-125455
[DEATH] screenshot taken at 20251005-125458
Died at 20251005-125458
[RECONNECTED] screenshot taken at 20251005-125458
Successfully reconnected at 20251005-125458
[PERIODIC] screenshot taken at 20251005-125545
[PERIODIC] screenshot taken at 20251005-125645
[PERIODIC] screenshot taken at 20251005-125745
[PERIODIC] screenshot taken at 20251005-125845
[PERIODIC] screenshot taken at 20251005-125945
[PERIODIC] screenshot taken at 20251005-130045
[PERIODIC] screenshot taken at 20251005-130146
[PERIODIC] screenshot taken at 20251005-130246
[PERIODIC] screenshot taken at 20251005-130346
[PERIODIC] screenshot taken at 20251005-130446
[PERIODIC] screenshot taken at 20251005-130546
[PERIODIC] screenshot taken at 20251005-130646
[PERIODIC] screenshot taken at 20251005-130746
[PERIODIC] screenshot taken at 20251005-130846
[PERIODIC] screenshot taken at 20251005-130946
[PERIODIC] screenshot taken at 20251005-131046
[PERIODIC] screenshot taken at 20251005-131146
[PERIODIC] screenshot taken at 20251005-131247
[PERIODIC] screenshot taken at 20251005-131347
[PERIODIC] screenshot taken at 20251005-131447
[PERIODIC] screenshot taken at 20251005-131547
[PERIODIC] screenshot taken at 20251005-131647
[PERIODIC] screenshot taken at 20251005-131747
[PERIODIC] screenshot taken at 20251005-131847
[PERIODIC] screenshot taken at 20251005-131947
[PERIODIC] screenshot taken at 20251005-132047
[PERIODIC] screenshot taken at 20251005-132147
[PERIODIC] screenshot taken at 20251005-132247
[PERIODIC] screenshot taken at 20251005-132347
[PERIODIC] screenshot taken at 20251005-132447
[PERIODIC] screenshot taken at 20251005-132548
[PERIODIC] screenshot taken at 20251005-132648
[PERIODIC] screenshot taken at 20251005-132748
[PERIODIC] screenshot taken at 20251005-132848
[PERIODIC] screenshot taken at 20251005-132948
[PERIODIC] screenshot taken at 20251005-133048
[PERIODIC] screenshot taken at 20251005-133148
[PERIODIC] screenshot taken at 20251005-133248
[PERIODIC] screenshot taken at 20251005-133348
[PERIODIC] screenshot taken at 20251005-133448
[PERIODIC] screenshot taken at 20251005-133548
[PERIODIC] screenshot taken at 20251005-133649
[PERIODIC] screenshot taken at 20251005-133749
[PERIODIC] screenshot taken at 20251005-133849
[PERIODIC] screenshot taken at 20251005-133949
[PERIODIC] screenshot taken at 20251005-134049
[PERIODIC] screenshot taken at 20251005-134149
[PERIODIC] screenshot taken at 20251005-134249
[PERIODIC] screenshot taken at 20251005-134349
[PERIODIC] screenshot taken at 20251005-134449
[PERIODIC] screenshot taken at 20251005-134549
[PERIODIC] screenshot taken at 20251005-134649
[PERIODIC] screenshot taken at 20251005-134749
[PERIODIC] screenshot taken at 20251005-134849
[PERIODIC] screenshot taken at 20251005-134949
[PERIODIC] screenshot taken at 20251005-135050
[PERIODIC] screenshot taken at 20251005-135150
Detected backroom crash at 20251005-135153
[PERIODIC] screenshot taken at 20251005-135250
[PERIODIC] screenshot taken at 20251005-135350
Detected backroom crash at 20251005-135418
Detected backroom crash at 20251005-135427
[PERIODIC] screenshot taken at 20251005-135450
