
=============== DEBUG ===============
Display size: 1710x1112
Screenshot directory: /Users/alexoh/Desktop/arrasbot/arrasbot_20251004-225003
Created variables in 0.02 seconds
Created controllers in 0.012 seconds
Defined functions in 0.0 seconds
Created directories in 0.0 seconds
Bot initialized in 0.033 seconds

================ LOG ================
Bot initialized at 20251004-225003
[RECONNECTED] screenshot taken at 20251004-225007
Successfully reconnected at 20251004-225007
[PERIODIC] screenshot taken at 20251004-225103
Checking death at 20251004-225144
[DEATH] screenshot taken at 20251004-225148
Died at 20251004-225148
[RECONNECTED] screenshot taken at 20251004-225148
Successfully reconnected at 20251004-225148
[PERIODIC] screenshot taken at 20251004-225203
Checking death at 20251004-225259
[DEATH] screenshot taken at 20251004-225302
Died at 20251004-225302
[RECONNECTED] screenshot taken at 20251004-225302
Successfully reconnected at 20251004-225302
[PERIODIC] screenshot taken at 20251004-225304
[PERIODIC] screenshot taken at 20251004-225404
[PERIODIC] screenshot taken at 20251004-225504
Checking death at 20251004-225524
[DEATH] screenshot taken at 20251004-225527
Died at 20251004-225527
[RECONNECTED] screenshot taken at 20251004-225527
Successfully reconnected at 20251004-225527
Detected backroom crash at 20251004-225528
Detected backroom crash at 20251004-225540
Detected backroom crash at 20251004-225548
[PERIODIC] screenshot taken at 20251004-225604
Checking death at 20251004-225646
[DEATH] screenshot taken at 20251004-225649
Died at 20251004-225649
[RECONNECTED] screenshot taken at 20251004-225649
Successfully reconnected at 20251004-225649
[PERIODIC] screenshot taken at 20251004-225704
[PERIODIC] screenshot taken at 20251004-225804
Checking death at 20251004-225817
[DEATH] screenshot taken at 20251004-225820
Died at 20251004-225820
[RECONNECTED] screenshot taken at 20251004-225820
Successfully reconnected at 20251004-225820
[PERIODIC] screenshot taken at 20251004-225904
Checking death at 20251004-225927
[DEATH] screenshot taken at 20251004-225930
Died at 20251004-225930
[RECONNECTED] screenshot taken at 20251004-225930
Successfully reconnected at 20251004-225930
[PERIODIC] screenshot taken at 20251004-230004
[PERIODIC] screenshot taken at 20251004-230104
[PERIODIC] screenshot taken at 20251004-230204
[PERIODIC] screenshot taken at 20251004-230304
[PERIODIC] screenshot taken at 20251004-230404
[PERIODIC] screenshot taken at 20251004-230505
[PERIODIC] screenshot taken at 20251004-230605
[PERIODIC] screenshot taken at 20251004-230705
[PERIODIC] screenshot taken at 20251004-230805
[PERIODIC] screenshot taken at 20251004-230905
[PERIODIC] screenshot taken at 20251004-231005
[PERIODIC] screenshot taken at 20251004-231105
[PERIODIC] screenshot taken at 20251004-231205
[PERIODIC] screenshot taken at 20251004-231305
[PERIODIC] screenshot taken at 20251004-231405
[PERIODIC] screenshot taken at 20251004-231505
[PERIODIC] screenshot taken at 20251004-231605
[PERIODIC] screenshot taken at 20251004-231705
[PERIODIC] screenshot taken at 20251004-231806
[PERIODIC] screenshot taken at 20251004-231906
[PERIODIC] screenshot taken at 20251004-232006
[PERIODIC] screenshot taken at 20251004-232106
[PERIODIC] screenshot taken at 20251004-232206
[PERIODIC] screenshot taken at 20251004-232306
[PERIODIC] screenshot taken at 20251004-232406
[PERIODIC] screenshot taken at 20251004-232506
[PERIODIC] screenshot taken at 20251004-232606
[PERIODIC] screenshot taken at 20251004-232706
[PERIODIC] screenshot taken at 20251004-232806
[PERIODIC] screenshot taken at 20251004-232906
[PERIODIC] screenshot taken at 20251004-233007
[PERIODIC] screenshot taken at 20251004-233107
[PERIODIC] screenshot taken at 20251004-233207
[PERIODIC] screenshot taken at 20251004-233307
[PERIODIC] screenshot taken at 20251004-233407
[PERIODIC] screenshot taken at 20251004-233507
[PERIODIC] screenshot taken at 20251004-233607
[PERIODIC] screenshot taken at 20251004-233707
[PERIODIC] screenshot taken at 20251004-233807
[PERIODIC] screenshot taken at 20251004-233907
[PERIODIC] screenshot taken at 20251004-234007
[PERIODIC] screenshot taken at 20251004-234107
[PERIODIC] screenshot taken at 20251004-234208
[PERIODIC] screenshot taken at 20251004-234308
[PERIODIC] screenshot taken at 20251004-234408
[PERIODIC] screenshot taken at 20251004-234508
[PERIODIC] screenshot taken at 20251004-234608
[PERIODIC] screenshot taken at 20251004-234708
[PERIODIC] screenshot taken at 20251004-234808
[PERIODIC] screenshot taken at 20251004-234908
[PERIODIC] screenshot taken at 20251004-235008
[PERIODIC] screenshot taken at 20251004-235108
[PERIODIC] screenshot taken at 20251004-235208
[PERIODIC] screenshot taken at 20251004-235308
[PERIODIC] screenshot taken at 20251004-235408
[PERIODIC] screenshot taken at 20251004-235509
[PERIODIC] screenshot taken at 20251004-235609
[PERIODIC] screenshot taken at 20251004-235709
[PERIODIC] screenshot taken at 20251004-235809
[PERIODIC] screenshot taken at 20251004-235909
[PERIODIC] screenshot taken at 20251005-000009
[PERIODIC] screenshot taken at 20251005-000109
[PERIODIC] screenshot taken at 20251005-000209
[PERIODIC] screenshot taken at 20251005-000309
[PERIODIC] screenshot taken at 20251005-000409
[PERIODIC] screenshot taken at 20251005-000509
[PERIODIC] screenshot taken at 20251005-000609
[PERIODIC] screenshot taken at 20251005-000709
[PERIODIC] screenshot taken at 20251005-000809
[PERIODIC] screenshot taken at 20251005-000910
[PERIODIC] screenshot taken at 20251005-001010
[PERIODIC] screenshot taken at 20251005-001110
[PERIODIC] screenshot taken at 20251005-001210
[PERIODIC] screenshot taken at 20251005-001310
[PERIODIC] screenshot taken at 20251005-001410
[PERIODIC] screenshot taken at 20251005-001510
[PERIODIC] screenshot taken at 20251005-001610
[PERIODIC] screenshot taken at 20251005-001710
[PERIODIC] screenshot taken at 20251005-001810
[PERIODIC] screenshot taken at 20251005-001910
[PERIODIC] screenshot taken at 20251005-002010
[PERIODIC] screenshot taken at 20251005-002111
[PERIODIC] screenshot taken at 20251005-002211
[PERIODIC] screenshot taken at 20251005-002311
[PERIODIC] screenshot taken at 20251005-002411
[PERIODIC] screenshot taken at 20251005-002511
[PERIODIC] screenshot taken at 20251005-002611
Checking death at 20251005-002646
[DEATH] screenshot taken at 20251005-002649
Died at 20251005-002649
[RECONNECTED] screenshot taken at 20251005-002649
Successfully reconnected at 20251005-002649
[PERIODIC] screenshot taken at 20251005-002711
[PERIODIC] screenshot taken at 20251005-002811
[PERIODIC] screenshot taken at 20251005-002911
[PERIODIC] screenshot taken at 20251005-003011
[PERIODIC] screenshot taken at 20251005-003111
[PERIODIC] screenshot taken at 20251005-003211
[PERIODIC] screenshot taken at 20251005-003312
[PERIODIC] screenshot taken at 20251005-003412
[PERIODIC] screenshot taken at 20251005-003512
[PERIODIC] screenshot taken at 20251005-003612
[PERIODIC] screenshot taken at 20251005-003712
[PERIODIC] screenshot taken at 20251005-003812
[PERIODIC] screenshot taken at 20251005-003912
Checking death at 20251005-003930
[DEATH] screenshot taken at 20251005-003933
Died at 20251005-003933
[RECONNECTED] screenshot taken at 20251005-003934
Successfully reconnected at 20251005-003934
[PERIODIC] screenshot taken at 20251005-004012
Detected backroom crash at 20251005-004041
[PERIODIC] screenshot taken at 20251005-004112
Checking death at 20251005-004122
[DEATH] screenshot taken at 20251005-004125
Died at 20251005-004125
[RECONNECTED] screenshot taken at 20251005-004126
Successfully reconnected at 20251005-004126
[PERIODIC] screenshot taken at 20251005-004212
[PERIODIC] screenshot taken at 20251005-004312
[PERIODIC] screenshot taken at 20251005-004412
[PERIODIC] screenshot taken at 20251005-004512
Detected backroom crash at 20251005-004515
Detected backroom crash at 20251005-004516
Detected backroom crash at 20251005-004517
Detected backroom crash at 20251005-004517
Detected backroom crash at 20251005-004518
Detected backroom crash at 20251005-004518
[PERIODIC] screenshot taken at 20251005-004613
Checking death at 20251005-004658
[DEATH] screenshot taken at 20251005-004701
Died at 20251005-004701
[RECONNECTED] screenshot taken at 20251005-004701
Successfully reconnected at 20251005-004701
[PERIODIC] screenshot taken at 20251005-004713
[PERIODIC] screenshot taken at 20251005-004813
[PERIODIC] screenshot taken at 20251005-004913
[PERIODIC] screenshot taken at 20251005-005013
Detected backroom crash at 20251005-005029
[PERIODIC] screenshot taken at 20251005-005113
[PERIODIC] screenshot taken at 20251005-005213
[PERIODIC] screenshot taken at 20251005-005313
Detected backroom crash at 20251005-005401
[PERIODIC] screenshot taken at 20251005-005413
Detected backroom crash at 20251005-005417
Detected backroom crash at 20251005-005417
Detected backroom crash at 20251005-005432
Checking death at 20251005-005528
[DEATH] screenshot taken at 20251005-005531
Died at 20251005-005531
[PERIODIC] screenshot taken at 20251005-005531
[RECONNECTED] screenshot taken at 20251005-005531
Successfully reconnected at 20251005-005531
Detected backroom crash at 20251005-005622
[PERIODIC] screenshot taken at 20251005-005631
[PERIODIC] screenshot taken at 20251005-005731
[PERIODIC] screenshot taken at 20251005-005831
Checking death at 20251005-005927
[DEATH] screenshot taken at 20251005-005930
Died at 20251005-005930
[RECONNECTED] screenshot taken at 20251005-005930
Successfully reconnected at 20251005-005930
[PERIODIC] screenshot taken at 20251005-005931
[PERIODIC] screenshot taken at 20251005-010032
Detected backroom crash at 20251005-010041
Detected backroom crash at 20251005-010041
Detected backroom crash at 20251005-010109
[PERIODIC] screenshot taken at 20251005-010132
[PERIODIC] screenshot taken at 20251005-010232
[PERIODIC] screenshot taken at 20251005-010332
[PERIODIC] screenshot taken at 20251005-010432
[PERIODIC] screenshot taken at 20251005-010532
[PERIODIC] screenshot taken at 20251005-010632
[PERIODIC] screenshot taken at 20251005-010732
[PERIODIC] screenshot taken at 20251005-010832
[PERIODIC] screenshot taken at 20251005-010932
[PERIODIC] screenshot taken at 20251005-011032
Detected backroom crash at 20251005-011110
Detected backroom crash at 20251005-011118
[PERIODIC] screenshot taken at 20251005-011132
Checking death at 20251005-011229
[DEATH] screenshot taken at 20251005-011232
Died at 20251005-011232
[RECONNECTED] screenshot taken at 20251005-011232
Successfully reconnected at 20251005-011232
[PERIODIC] screenshot taken at 20251005-011232
[PERIODIC] screenshot taken at 20251005-011332
Detected backroom crash at 20251005-011357
Detected backroom crash at 20251005-011400
Detected backroom crash at 20251005-011417
[PERIODIC] screenshot taken at 20251005-011433
Detected backroom crash at 20251005-011459
Detected backroom crash at 20251005-011507
[PERIODIC] screenshot taken at 20251005-011533
[PERIODIC] screenshot taken at 20251005-011633
[PERIODIC] screenshot taken at 20251005-011733
Checking death at 20251005-011822
[DEATH] screenshot taken at 20251005-011825
Died at 20251005-011825
[RECONNECTED] screenshot taken at 20251005-011825
Successfully reconnected at 20251005-011825
[PERIODIC] screenshot taken at 20251005-011833
[PERIODIC] screenshot taken at 20251005-011933
[PERIODIC] screenshot taken at 20251005-012033
[PERIODIC] screenshot taken at 20251005-012133
Detected backroom crash at 20251005-012227
[PERIODIC] screenshot taken at 20251005-012233
Detected backroom crash at 20251005-012252
Detected backroom crash at 20251005-012317
[PERIODIC] screenshot taken at 20251005-012333
[PERIODIC] screenshot taken at 20251005-012433
[PERIODIC] screenshot taken at 20251005-012533
[PERIODIC] screenshot taken at 20251005-012633
[PERIODIC] screenshot taken at 20251005-012734
[PERIODIC] screenshot taken at 20251005-012834
Detected backroom crash at 20251005-012900
Detected backroom crash at 20251005-012900
Detected backroom crash at 20251005-012901
Detected backroom crash at 20251005-012901
Detected backroom crash at 20251005-012901
[PERIODIC] screenshot taken at 20251005-012934
[PERIODIC] screenshot taken at 20251005-013034
[PERIODIC] screenshot taken at 20251005-013134
Detected backroom crash at 20251005-013222
[PERIODIC] screenshot taken at 20251005-013234
[PERIODIC] screenshot taken at 20251005-013334
Checking death at 20251005-013406
[DEATH] screenshot taken at 20251005-013409
Died at 20251005-013409
[RECONNECTED] screenshot taken at 20251005-013409
Successfully reconnected at 20251005-013409
[PERIODIC] screenshot taken at 20251005-013434
[PERIODIC] screenshot taken at 20251005-013534
[PERIODIC] screenshot taken at 20251005-013634
[PERIODIC] screenshot taken at 20251005-013734
[PERIODIC] screenshot taken at 20251005-013834
[PERIODIC] screenshot taken at 20251005-013935
[PERIODIC] screenshot taken at 20251005-014035
[PERIODIC] screenshot taken at 20251005-014135
[PERIODIC] screenshot taken at 20251005-014235
[PERIODIC] screenshot taken at 20251005-014335
[PERIODIC] screenshot taken at 20251005-014435
[PERIODIC] screenshot taken at 20251005-014535
[PERIODIC] screenshot taken at 20251005-014635
[PERIODIC] screenshot taken at 20251005-014735
[PERIODIC] screenshot taken at 20251005-014835
[PERIODIC] screenshot taken at 20251005-014935
[PERIODIC] screenshot taken at 20251005-015035
[PERIODIC] screenshot taken at 20251005-015135
[PERIODIC] screenshot taken at 20251005-015236
[PERIODIC] screenshot taken at 20251005-015336
[PERIODIC] screenshot taken at 20251005-015436
[PERIODIC] screenshot taken at 20251005-015536
[PERIODIC] screenshot taken at 20251005-015636
[PERIODIC] screenshot taken at 20251005-015736
Detected backroom crash at 20251005-015815
[PERIODIC] screenshot taken at 20251005-015836
[PERIODIC] screenshot taken at 20251005-015936
[PERIODIC] screenshot taken at 20251005-020036
[PERIODIC] screenshot taken at 20251005-020136
[PERIODIC] screenshot taken at 20251005-020236
[PERIODIC] screenshot taken at 20251005-020337
[PERIODIC] screenshot taken at 20251005-020437
[PERIODIC] screenshot taken at 20251005-020537
Checking death at 20251005-020615
[DEATH] screenshot taken at 20251005-020618
Died at 20251005-020618
[RECONNECTED] screenshot taken at 20251005-020618
Successfully reconnected at 20251005-020618
[PERIODIC] screenshot taken at 20251005-020637
[PERIODIC] screenshot taken at 20251005-020737
[PERIODIC] screenshot taken at 20251005-020837
[PERIODIC] screenshot taken at 20251005-020937
[PERIODIC] screenshot taken at 20251005-021104
Checking death at 20251005-021143
[DEATH] screenshot taken at 20251005-021146
Died at 20251005-021146
[RECONNECTED] screenshot taken at 20251005-021146
Successfully reconnected at 20251005-021146
[PERIODIC] screenshot taken at 20251005-021204
[PERIODIC] screenshot taken at 20251005-021304
[PERIODIC] screenshot taken at 20251005-021404
[PERIODIC] screenshot taken at 20251005-021504
[PERIODIC] screenshot taken at 20251005-021604
[PERIODIC] screenshot taken at 20251005-021705
[PERIODIC] screenshot taken at 20251005-021805
[PERIODIC] screenshot taken at 20251005-021905
[PERIODIC] screenshot taken at 20251005-022005
Checking death at 20251005-022101
[DEATH] screenshot taken at 20251005-022104
Died at 20251005-022104
[RECONNECTED] screenshot taken at 20251005-022104
Successfully reconnected at 20251005-022104
[PERIODIC] screenshot taken at 20251005-022105
[PERIODIC] screenshot taken at 20251005-022205
[PERIODIC] screenshot taken at 20251005-022305
[PERIODIC] screenshot taken at 20251005-022405
[PERIODIC] screenshot taken at 20251005-022505
[PERIODIC] screenshot taken at 20251005-022605
[PERIODIC] screenshot taken at 20251005-022705
[PERIODIC] screenshot taken at 20251005-022805
Checking death at 20251005-022855
[DEATH] screenshot taken at 20251005-022858
Died at 20251005-022858
[RECONNECTED] screenshot taken at 20251005-022858
Successfully reconnected at 20251005-022858
[PERIODIC] screenshot taken at 20251005-022905
[PERIODIC] screenshot taken at 20251005-023006
[PERIODIC] screenshot taken at 20251005-023106
[PERIODIC] screenshot taken at 20251005-023206
[PERIODIC] screenshot taken at 20251005-023306
[PERIODIC] screenshot taken at 20251005-023406
Checking death at 20251005-023458
[DEATH] screenshot taken at 20251005-023501
Died at 20251005-023501
[RECONNECTED] screenshot taken at 20251005-023501
Successfully reconnected at 20251005-023501
[PERIODIC] screenshot taken at 20251005-023506
[PERIODIC] screenshot taken at 20251005-023606
[PERIODIC] screenshot taken at 20251005-023706
[PERIODIC] screenshot taken at 20251005-023806
[PERIODIC] screenshot taken at 20251005-023906
[PERIODIC] screenshot taken at 20251005-024006
[PERIODIC] screenshot taken at 20251005-024106
[PERIODIC] screenshot taken at 20251005-024206
[PERIODIC] screenshot taken at 20251005-024307
[PERIODIC] screenshot taken at 20251005-024407
[PERIODIC] screenshot taken at 20251005-024507
[PERIODIC] screenshot taken at 20251005-024607
Checking death at 20251005-024646
[DEATH] screenshot taken at 20251005-024649
Died at 20251005-024649
[RECONNECTED] screenshot taken at 20251005-024649
Successfully reconnected at 20251005-024649
[PERIODIC] screenshot taken at 20251005-024707
[PERIODIC] screenshot taken at 20251005-024807
Checking death at 20251005-024851
[DEATH] screenshot taken at 20251005-024854
Died at 20251005-024854
[RECONNECTED] screenshot taken at 20251005-024855
Successfully reconnected at 20251005-024855
[PERIODIC] screenshot taken at 20251005-024907
[PERIODIC] screenshot taken at 20251005-025007
Checking death at 20251005-025054
[DEATH] screenshot taken at 20251005-025057
Died at 20251005-025057
[RECONNECTED] screenshot taken at 20251005-025057
Successfully reconnected at 20251005-025057
[PERIODIC] screenshot taken at 20251005-025107
[PERIODIC] screenshot taken at 20251005-025207
[PERIODIC] screenshot taken at 20251005-025307
Checking death at 20251005-025357
[DEATH] screenshot taken at 20251005-025400
Died at 20251005-025400
[RECONNECTED] screenshot taken at 20251005-025400
Successfully reconnected at 20251005-025400
[PERIODIC] screenshot taken at 20251005-025407
[PERIODIC] screenshot taken at 20251005-025507
[PERIODIC] screenshot taken at 20251005-025608
[PERIODIC] screenshot taken at 20251005-025708
[PERIODIC] screenshot taken at 20251005-025808
[PERIODIC] screenshot taken at 20251005-025908
[PERIODIC] screenshot taken at 20251005-030008
[PERIODIC] screenshot taken at 20251005-030108
[PERIODIC] screenshot taken at 20251005-030208
[PERIODIC] screenshot taken at 20251005-030308
[PERIODIC] screenshot taken at 20251005-030408
[PERIODIC] screenshot taken at 20251005-030508
[PERIODIC] screenshot taken at 20251005-030608
[PERIODIC] screenshot taken at 20251005-030708
[PERIODIC] screenshot taken at 20251005-030808
[PERIODIC] screenshot taken at 20251005-030909
[PERIODIC] screenshot taken at 20251005-031009
[PERIODIC] screenshot taken at 20251005-031109
[PERIODIC] screenshot taken at 20251005-031209
[PERIODIC] screenshot taken at 20251005-031309
[PERIODIC] screenshot taken at 20251005-031409
[PERIODIC] screenshot taken at 20251005-031509
[PERIODIC] screenshot taken at 20251005-031609
[PERIODIC] screenshot taken at 20251005-031709
[PERIODIC] screenshot taken at 20251005-031809
[PERIODIC] screenshot taken at 20251005-031909
[PERIODIC] screenshot taken at 20251005-032009
[PERIODIC] screenshot taken at 20251005-032109
[PERIODIC] screenshot taken at 20251005-032210
[PERIODIC] screenshot taken at 20251005-032310
[PERIODIC] screenshot taken at 20251005-032410
[PERIODIC] screenshot taken at 20251005-032510
[PERIODIC] screenshot taken at 20251005-032610
[PERIODIC] screenshot taken at 20251005-032710
[PERIODIC] screenshot taken at 20251005-032810
[PERIODIC] screenshot taken at 20251005-032910
[PERIODIC] screenshot taken at 20251005-033010
[PERIODIC] screenshot taken at 20251005-033110
[PERIODIC] screenshot taken at 20251005-033210
[PERIODIC] screenshot taken at 20251005-033310
[PERIODIC] screenshot taken at 20251005-033411
[PERIODIC] screenshot taken at 20251005-033511
[PERIODIC] screenshot taken at 20251005-033611
[PERIODIC] screenshot taken at 20251005-033711
[PERIODIC] screenshot taken at 20251005-033811
[PERIODIC] screenshot taken at 20251005-033911
[PERIODIC] screenshot taken at 20251005-034011
[PERIODIC] screenshot taken at 20251005-034111
[PERIODIC] screenshot taken at 20251005-034211
[PERIODIC] screenshot taken at 20251005-034311
[DISCONNECTED] screenshot taken at 20251005-034332
Disconnected at 20251005-034332
Disconnected, attempting to reconnect at 20251005-034332
[RECONNECTED] screenshot taken at 20251005-034335
Successfully reconnected at 20251005-034335
[PERIODIC] screenshot taken at 20251005-034411
Checking death at 20251005-034502
[DEATH] screenshot taken at 20251005-034506
Died at 20251005-034506
[RECONNECTED] screenshot taken at 20251005-034506
Successfully reconnected at 20251005-034506
[PERIODIC] screenshot taken at 20251005-034511
[PERIODIC] screenshot taken at 20251005-034611
[PERIODIC] screenshot taken at 20251005-034711
[PERIODIC] screenshot taken at 20251005-034812
[PERIODIC] screenshot taken at 20251005-034912
[PERIODIC] screenshot taken at 20251005-035012
[PERIODIC] screenshot taken at 20251005-035112
Detected backroom crash at 20251005-035138
[PERIODIC] screenshot taken at 20251005-035212
Detected backroom crash at 20251005-035233
Detected backroom crash at 20251005-035233
[PERIODIC] screenshot taken at 20251005-035312
[PERIODIC] screenshot taken at 20251005-035412
[PERIODIC] screenshot taken at 20251005-035512
[PERIODIC] screenshot taken at 20251005-035612
[PERIODIC] screenshot taken at 20251005-035712
[PERIODIC] screenshot taken at 20251005-035812
[PERIODIC] screenshot taken at 20251005-035912
[PERIODIC] screenshot taken at 20251005-040013
[PERIODIC] screenshot taken at 20251005-040113
[PERIODIC] screenshot taken at 20251005-040213
Detected backroom crash at 20251005-040307
[PERIODIC] screenshot taken at 20251005-040313
[PERIODIC] screenshot taken at 20251005-040413
[PERIODIC] screenshot taken at 20251005-040513
[PERIODIC] screenshot taken at 20251005-040613
[PERIODIC] screenshot taken at 20251005-040713
[PERIODIC] screenshot taken at 20251005-040813
[PERIODIC] screenshot taken at 20251005-040913
[PERIODIC] screenshot taken at 20251005-041013
[PERIODIC] screenshot taken at 20251005-041113
[PERIODIC] screenshot taken at 20251005-041214
Checking death at 20251005-041241
[DEATH] screenshot taken at 20251005-041244
Died at 20251005-041244
[RECONNECTED] screenshot taken at 20251005-041244
Successfully reconnected at 20251005-041244
[PERIODIC] screenshot taken at 20251005-041314
[PERIODIC] screenshot taken at 20251005-041414
[PERIODIC] screenshot taken at 20251005-041514
[PERIODIC] screenshot taken at 20251005-041614
[PERIODIC] screenshot taken at 20251005-041714
[PERIODIC] screenshot taken at 20251005-041814
[PERIODIC] screenshot taken at 20251005-041914
[PERIODIC] screenshot taken at 20251005-042014
[PERIODIC] screenshot taken at 20251005-042114
[PERIODIC] screenshot taken at 20251005-042214
[PERIODIC] screenshot taken at 20251005-042314
[PERIODIC] screenshot taken at 20251005-042414
[PERIODIC] screenshot taken at 20251005-042515
[PERIODIC] screenshot taken at 20251005-042615
[PERIODIC] screenshot taken at 20251005-042715
[PERIODIC] screenshot taken at 20251005-042815
[PERIODIC] screenshot taken at 20251005-042915
Checking death at 20251005-042948
[DEATH] screenshot taken at 20251005-042951
Died at 20251005-042951
[RECONNECTED] screenshot taken at 20251005-042952
Successfully reconnected at 20251005-042952
[PERIODIC] screenshot taken at 20251005-043015
Checking death at 20251005-043102
[DEATH] screenshot taken at 20251005-043105
Died at 20251005-043105
[RECONNECTED] screenshot taken at 20251005-043106
Successfully reconnected at 20251005-043106
[PERIODIC] screenshot taken at 20251005-043115
[PERIODIC] screenshot taken at 20251005-043215
[PERIODIC] screenshot taken at 20251005-043315
[PERIODIC] screenshot taken at 20251005-043415
[PERIODIC] screenshot taken at 20251005-043515
[PERIODIC] screenshot taken at 20251005-043615
[PERIODIC] screenshot taken at 20251005-043716
[PERIODIC] screenshot taken at 20251005-043816
[PERIODIC] screenshot taken at 20251005-043916
[PERIODIC] screenshot taken at 20251005-044025
Detected backroom crash at 20251005-044030
[PERIODIC] screenshot taken at 20251005-044125
[PERIODIC] screenshot taken at 20251005-044225
[PERIODIC] screenshot taken at 20251005-044325
[PERIODIC] screenshot taken at 20251005-044425
Checking death at 20251005-044515
[DEATH] screenshot taken at 20251005-044518
Died at 20251005-044518
[RECONNECTED] screenshot taken at 20251005-044518
Successfully reconnected at 20251005-044518
[PERIODIC] screenshot taken at 20251005-044525
[PERIODIC] screenshot taken at 20251005-044625
[PERIODIC] screenshot taken at 20251005-044725
[PERIODIC] screenshot taken at 20251005-044825
[PERIODIC] screenshot taken at 20251005-044926
[PERIODIC] screenshot taken at 20251005-045026
[PERIODIC] screenshot taken at 20251005-045126
[PERIODIC] screenshot taken at 20251005-045226
[PERIODIC] screenshot taken at 20251005-045326
[PERIODIC] screenshot taken at 20251005-045426
[PERIODIC] screenshot taken at 20251005-045526
[PERIODIC] screenshot taken at 20251005-045626
[PERIODIC] screenshot taken at 20251005-045726
[PERIODIC] screenshot taken at 20251005-045826
[PERIODIC] screenshot taken at 20251005-045926
[PERIODIC] screenshot taken at 20251005-050026
[PERIODIC] screenshot taken at 20251005-050126
[PERIODIC] screenshot taken at 20251005-050226
[PERIODIC] screenshot taken at 20251005-050327
[PERIODIC] screenshot taken at 20251005-050427
[PERIODIC] screenshot taken at 20251005-050527
[PERIODIC] screenshot taken at 20251005-050627
[PERIODIC] screenshot taken at 20251005-050727
[PERIODIC] screenshot taken at 20251005-050827
[PERIODIC] screenshot taken at 20251005-050927
[PERIODIC] screenshot taken at 20251005-051027
[PERIODIC] screenshot taken at 20251005-051127
[PERIODIC] screenshot taken at 20251005-051227
[PERIODIC] screenshot taken at 20251005-051327
[PERIODIC] screenshot taken at 20251005-051427
[PERIODIC] screenshot taken at 20251005-051527
[PERIODIC] screenshot taken at 20251005-051628
[PERIODIC] screenshot taken at 20251005-051728
[PERIODIC] screenshot taken at 20251005-051828
[PERIODIC] screenshot taken at 20251005-051928
[PERIODIC] screenshot taken at 20251005-052028
[PERIODIC] screenshot taken at 20251005-052128
[PERIODIC] screenshot taken at 20251005-052228
[PERIODIC] screenshot taken at 20251005-052328
[PERIODIC] screenshot taken at 20251005-052428
[PERIODIC] screenshot taken at 20251005-052528
[PERIODIC] screenshot taken at 20251005-052628
[PERIODIC] screenshot taken at 20251005-052728
[PERIODIC] screenshot taken at 20251005-052829
[PERIODIC] screenshot taken at 20251005-052929
[PERIODIC] screenshot taken at 20251005-053029
[PERIODIC] screenshot taken at 20251005-053129
[PERIODIC] screenshot taken at 20251005-053229
[PERIODIC] screenshot taken at 20251005-053329
[PERIODIC] screenshot taken at 20251005-053429
[PERIODIC] screenshot taken at 20251005-053529
[PERIODIC] screenshot taken at 20251005-053629
[PERIODIC] screenshot taken at 20251005-053729
[PERIODIC] screenshot taken at 20251005-053829
[PERIODIC] screenshot taken at 20251005-053929
[PERIODIC] screenshot taken at 20251005-054030
Detected backroom crash at 20251005-054048
Detected backroom crash at 20251005-054048
Checking death at 20251005-054059
[DEATH] screenshot taken at 20251005-054102
Died at 20251005-054102
[RECONNECTED] screenshot taken at 20251005-054102
Successfully reconnected at 20251005-054102
[PERIODIC] screenshot taken at 20251005-054130
[PERIODIC] screenshot taken at 20251005-054230
[PERIODIC] screenshot taken at 20251005-054330
[PERIODIC] screenshot taken at 20251005-054430
[PERIODIC] screenshot taken at 20251005-054530
[PERIODIC] screenshot taken at 20251005-054630
Checking death at 20251005-054644
[DEATH] screenshot taken at 20251005-054647
Died at 20251005-054647
[RECONNECTED] screenshot taken at 20251005-054647
Successfully reconnected at 20251005-054647
Checking death at 20251005-054648
[DEATH] screenshot taken at 20251005-054651
Died at 20251005-054651
[RECONNECTED] screenshot taken at 20251005-054651
Successfully reconnected at 20251005-054651
[PERIODIC] screenshot taken at 20251005-054730
[PERIODIC] screenshot taken at 20251005-054830
[PERIODIC] screenshot taken at 20251005-054930
Checking death at 20251005-055014
[DEATH] screenshot taken at 20251005-055017
Died at 20251005-055017
[RECONNECTED] screenshot taken at 20251005-055017
Successfully reconnected at 20251005-055017
[PERIODIC] screenshot taken at 20251005-055030
[PERIODIC] screenshot taken at 20251005-055130
Detected backroom crash at 20251005-055147
Detected backroom crash at 20251005-055200
Detected backroom crash at 20251005-055204
Detected backroom crash at 20251005-055206
Checking death at 20251005-055215
[DEATH] screenshot taken at 20251005-055218
Died at 20251005-055218
[RECONNECTED] screenshot taken at 20251005-055218
Successfully reconnected at 20251005-055218
[PERIODIC] screenshot taken at 20251005-055230
[DISCONNECTED] screenshot taken at 20251005-055330
Disconnected at 20251005-055330
Disconnected, attempting to reconnect at 20251005-055330
[PERIODIC] screenshot taken at 20251005-055331
[RECONNECTED] screenshot taken at 20251005-055334
Successfully reconnected at 20251005-055334
[DISCONNECTED] screenshot taken at 20251005-055334
Disconnected at 20251005-055334
Disconnected, attempting to reconnect at 20251005-055334
[RECONNECTED] screenshot taken at 20251005-055337
Successfully reconnected at 20251005-055337
[DISCONNECTED] screenshot taken at 20251005-055338
Disconnected at 20251005-055338
Disconnected, attempting to reconnect at 20251005-055338
[RECONNECTED] screenshot taken at 20251005-055341
Successfully reconnected at 20251005-055341
Checking death at 20251005-055341
[DEATH] screenshot taken at 20251005-055344
Died at 20251005-055344
[RECONNECTED] screenshot taken at 20251005-055344
Successfully reconnected at 20251005-055344
Checking death at 20251005-055357
[DEATH] screenshot taken at 20251005-055400
Died at 20251005-055400
[RECONNECTED] screenshot taken at 20251005-055400
Successfully reconnected at 20251005-055400
[PERIODIC] screenshot taken at 20251005-055431
Checking death at 20251005-055507
[DEATH] screenshot taken at 20251005-055510
Died at 20251005-055510
[RECONNECTED] screenshot taken at 20251005-055510
Successfully reconnected at 20251005-055510
[PERIODIC] screenshot taken at 20251005-055531
Checking death at 20251005-055614
[DEATH] screenshot taken at 20251005-055617
Died at 20251005-055617
[RECONNECTED] screenshot taken at 20251005-055617
Successfully reconnected at 20251005-055617
[PERIODIC] screenshot taken at 20251005-055631
[PERIODIC] screenshot taken at 20251005-055731
Detected backroom crash at 20251005-055733
[PERIODIC] screenshot taken at 20251005-055831
[PERIODIC] screenshot taken at 20251005-055931
Checking death at 20251005-060026
[DEATH] screenshot taken at 20251005-060029
Died at 20251005-060029
[RECONNECTED] screenshot taken at 20251005-060029
Successfully reconnected at 20251005-060029
[PERIODIC] screenshot taken at 20251005-060031
[PERIODIC] screenshot taken at 20251005-060131
Checking death at 20251005-060132
[DEATH] screenshot taken at 20251005-060135
Died at 20251005-060135
[RECONNECTED] screenshot taken at 20251005-060135
Successfully reconnected at 20251005-060135
[PERIODIC] screenshot taken at 20251005-060231
[PERIODIC] screenshot taken at 20251005-060331
Detected backroom crash at 20251005-060350
[PERIODIC] screenshot taken at 20251005-060432
Checking death at 20251005-060437
[DEATH] screenshot taken at 20251005-060441
Died at 20251005-060441
[RECONNECTED] screenshot taken at 20251005-060441
Successfully reconnected at 20251005-060441
[PERIODIC] screenshot taken at 20251005-060532
Checking death at 20251005-060557
[DEATH] screenshot taken at 20251005-060600
Died at 20251005-060600
[RECONNECTED] screenshot taken at 20251005-060600
Successfully reconnected at 20251005-060600
[PERIODIC] screenshot taken at 20251005-060632
Checking death at 20251005-060705
[DEATH] screenshot taken at 20251005-060708
Died at 20251005-060708
[RECONNECTED] screenshot taken at 20251005-060708
Successfully reconnected at 20251005-060708
[PERIODIC] screenshot taken at 20251005-060732
[PERIODIC] screenshot taken at 20251005-060832
Checking death at 20251005-060915
[DEATH] screenshot taken at 20251005-060918
Died at 20251005-060918
[RECONNECTED] screenshot taken at 20251005-060918
Successfully reconnected at 20251005-060918
Detected backroom crash at 20251005-060921
Detected backroom crash at 20251005-060922
[PERIODIC] screenshot taken at 20251005-060932
Checking death at 20251005-061022
[DEATH] screenshot taken at 20251005-061025
Died at 20251005-061025
[RECONNECTED] screenshot taken at 20251005-061025
Successfully reconnected at 20251005-061025
[PERIODIC] screenshot taken at 20251005-061032
[PERIODIC] screenshot taken at 20251005-061132
[PERIODIC] screenshot taken at 20251005-061232
Checking death at 20251005-061311
[DEATH] screenshot taken at 20251005-061314
Died at 20251005-061314
[RECONNECTED] screenshot taken at 20251005-061314
Successfully reconnected at 20251005-061314
[PERIODIC] screenshot taken at 20251005-061332
[PERIODIC] screenshot taken at 20251005-061432
[PERIODIC] screenshot taken at 20251005-061532
[PERIODIC] screenshot taken at 20251005-061633
[PERIODIC] screenshot taken at 20251005-061733
[PERIODIC] screenshot taken at 20251005-061833
[PERIODIC] screenshot taken at 20251005-061933
[PERIODIC] screenshot taken at 20251005-062033
[PERIODIC] screenshot taken at 20251005-062133
[PERIODIC] screenshot taken at 20251005-062233
[PERIODIC] screenshot taken at 20251005-062333
Checking death at 20251005-062426
[DEATH] screenshot taken at 20251005-062429
Died at 20251005-062429
[RECONNECTED] screenshot taken at 20251005-062429
Successfully reconnected at 20251005-062429
[PERIODIC] screenshot taken at 20251005-062433
[PERIODIC] screenshot taken at 20251005-062533
[PERIODIC] screenshot taken at 20251005-062633
[PERIODIC] screenshot taken at 20251005-062733
[PERIODIC] screenshot taken at 20251005-062833
[PERIODIC] screenshot taken at 20251005-062933
[PERIODIC] screenshot taken at 20251005-063034
[PERIODIC] screenshot taken at 20251005-063134
[PERIODIC] screenshot taken at 20251005-063234
[PERIODIC] screenshot taken at 20251005-063334
[PERIODIC] screenshot taken at 20251005-063434
[PERIODIC] screenshot taken at 20251005-063534
[PERIODIC] screenshot taken at 20251005-063634
[PERIODIC] screenshot taken at 20251005-063734
[PERIODIC] screenshot taken at 20251005-063834
Checking death at 20251005-063932
[DEATH] screenshot taken at 20251005-063935
Died at 20251005-063935
[PERIODIC] screenshot taken at 20251005-063935
[RECONNECTED] screenshot taken at 20251005-063935
Successfully reconnected at 20251005-063935
[PERIODIC] screenshot taken at 20251005-064035
Checking death at 20251005-064132
[DEATH] screenshot taken at 20251005-064135
Died at 20251005-064135
[PERIODIC] screenshot taken at 20251005-064136
[RECONNECTED] screenshot taken at 20251005-064136
Successfully reconnected at 20251005-064136
[PERIODIC] screenshot taken at 20251005-064236
Checking death at 20251005-064241
[DEATH] screenshot taken at 20251005-064244
Died at 20251005-064244
[RECONNECTED] screenshot taken at 20251005-064244
Successfully reconnected at 20251005-064244
[PERIODIC] screenshot taken at 20251005-064336
[PERIODIC] screenshot taken at 20251005-064436
[PERIODIC] screenshot taken at 20251005-064536
[PERIODIC] screenshot taken at 20251005-064636
Checking death at 20251005-064713
[DEATH] screenshot taken at 20251005-064716
Died at 20251005-064716
[RECONNECTED] screenshot taken at 20251005-064716
Successfully reconnected at 20251005-064716
[PERIODIC] screenshot taken at 20251005-064736
[PERIODIC] screenshot taken at 20251005-064836
[PERIODIC] screenshot taken at 20251005-064936
Checking death at 20251005-065011
[DEATH] screenshot taken at 20251005-065014
Died at 20251005-065014
[RECONNECTED] screenshot taken at 20251005-065014
Successfully reconnected at 20251005-065014
[PERIODIC] screenshot taken at 20251005-065036
[PERIODIC] screenshot taken at 20251005-065136
Checking death at 20251005-065153
[DEATH] screenshot taken at 20251005-065156
Died at 20251005-065156
[RECONNECTED] screenshot taken at 20251005-065156
Successfully reconnected at 20251005-065156
[PERIODIC] screenshot taken at 20251005-065236
[PERIODIC] screenshot taken at 20251005-065337
Checking death at 20251005-065343
[DEATH] screenshot taken at 20251005-065346
Died at 20251005-065346
[RECONNECTED] screenshot taken at 20251005-065346
Successfully reconnected at 20251005-065346
[PERIODIC] screenshot taken at 20251005-065437
[PERIODIC] screenshot taken at 20251005-065537
Checking death at 20251005-065539
[DEATH] screenshot taken at 20251005-065542
Died at 20251005-065542
[RECONNECTED] screenshot taken at 20251005-065542
Successfully reconnected at 20251005-065542
[PERIODIC] screenshot taken at 20251005-065637
Checking death at 20251005-065645
[DEATH] screenshot taken at 20251005-065648
Died at 20251005-065648
[RECONNECTED] screenshot taken at 20251005-065648
Successfully reconnected at 20251005-065648
[PERIODIC] screenshot taken at 20251005-065737
[PERIODIC] screenshot taken at 20251005-065837
Checking death at 20251005-065843
[DEATH] screenshot taken at 20251005-065846
Died at 20251005-065846
[RECONNECTED] screenshot taken at 20251005-065846
Successfully reconnected at 20251005-065846
[PERIODIC] screenshot taken at 20251005-065937
[PERIODIC] screenshot taken at 20251005-070037
[PERIODIC] screenshot taken at 20251005-070137
[PERIODIC] screenshot taken at 20251005-070237
Checking death at 20251005-070322
[DEATH] screenshot taken at 20251005-070325
Died at 20251005-070325
[RECONNECTED] screenshot taken at 20251005-070325
Successfully reconnected at 20251005-070325
[PERIODIC] screenshot taken at 20251005-070337
Checking death at 20251005-070402
[DEATH] screenshot taken at 20251005-070405
Died at 20251005-070405
[RECONNECTED] screenshot taken at 20251005-070405
Successfully reconnected at 20251005-070405
[PERIODIC] screenshot taken at 20251005-070437
[PERIODIC] screenshot taken at 20251005-070537
[PERIODIC] screenshot taken at 20251005-070637
[PERIODIC] screenshot taken at 20251005-070737
Detected backroom crash at 20251005-070739
[PERIODIC] screenshot taken at 20251005-070838
[PERIODIC] screenshot taken at 20251005-070938
Checking death at 20251005-070958
[DEATH] screenshot taken at 20251005-071001
Died at 20251005-071001
[RECONNECTED] screenshot taken at 20251005-071002
Successfully reconnected at 20251005-071002
[PERIODIC] screenshot taken at 20251005-071038
[PERIODIC] screenshot taken at 20251005-071138
[PERIODIC] screenshot taken at 20251005-071238
[PERIODIC] screenshot taken at 20251005-071338
[PERIODIC] screenshot taken at 20251005-071438
Detected backroom crash at 20251005-071510
Detected backroom crash at 20251005-071511
[PERIODIC] screenshot taken at 20251005-071538
[PERIODIC] screenshot taken at 20251005-071638
[PERIODIC] screenshot taken at 20251005-071738
[PERIODIC] screenshot taken at 20251005-071838
[PERIODIC] screenshot taken at 20251005-071938
[PERIODIC] screenshot taken at 20251005-072039
[PERIODIC] screenshot taken at 20251005-072139
[PERIODIC] screenshot taken at 20251005-072239
[PERIODIC] screenshot taken at 20251005-072339
[PERIODIC] screenshot taken at 20251005-072439
Checking death at 20251005-072509
[DEATH] screenshot taken at 20251005-072512
Died at 20251005-072512
[RECONNECTED] screenshot taken at 20251005-072512
Successfully reconnected at 20251005-072512
[DISCONNECTED] screenshot taken at 20251005-072517
Disconnected at 20251005-072517
Disconnected, attempting to reconnect at 20251005-072517
Disconnected at 20251005-072519
[RECONNECTED] screenshot taken at 20251005-072525
Successfully reconnected at 20251005-072525
[PERIODIC] screenshot taken at 20251005-072539
[PERIODIC] screenshot taken at 20251005-072639
Checking death at 20251005-072657
[DEATH] screenshot taken at 20251005-072700
Died at 20251005-072700
[RECONNECTED] screenshot taken at 20251005-072700
Successfully reconnected at 20251005-072700
[PERIODIC] screenshot taken at 20251005-072739
[PERIODIC] screenshot taken at 20251005-072839
[PERIODIC] screenshot taken at 20251005-072939
[PERIODIC] screenshot taken at 20251005-073039
[PERIODIC] screenshot taken at 20251005-073139
[PERIODIC] screenshot taken at 20251005-073239
[PERIODIC] screenshot taken at 20251005-073339
[PERIODIC] screenshot taken at 20251005-073440
Checking death at 20251005-073529
[DEATH] screenshot taken at 20251005-073532
Died at 20251005-073532
[RECONNECTED] screenshot taken at 20251005-073532
Successfully reconnected at 20251005-073532
[PERIODIC] screenshot taken at 20251005-073540
[PERIODIC] screenshot taken at 20251005-073640
Checking death at 20251005-073712
[DEATH] screenshot taken at 20251005-073715
Died at 20251005-073715
[RECONNECTED] screenshot taken at 20251005-073715
Successfully reconnected at 20251005-073715
[PERIODIC] screenshot taken at 20251005-073740
[PERIODIC] screenshot taken at 20251005-073840
Checking death at 20251005-073906
[DEATH] screenshot taken at 20251005-073909
Died at 20251005-073909
[RECONNECTED] screenshot taken at 20251005-073909
Successfully reconnected at 20251005-073909
[PERIODIC] screenshot taken at 20251005-073940
[PERIODIC] screenshot taken at 20251005-074040
[PERIODIC] screenshot taken at 20251005-074140
Checking death at 20251005-074214
[DEATH] screenshot taken at 20251005-074217
Died at 20251005-074217
[RECONNECTED] screenshot taken at 20251005-074217
Successfully reconnected at 20251005-074217
[PERIODIC] screenshot taken at 20251005-074240
Checking death at 20251005-074319
[DEATH] screenshot taken at 20251005-074322
Died at 20251005-074322
[RECONNECTED] screenshot taken at 20251005-074322
Successfully reconnected at 20251005-074322
[PERIODIC] screenshot taken at 20251005-074340
[PERIODIC] screenshot taken at 20251005-074440
[PERIODIC] screenshot taken at 20251005-074540
[PERIODIC] screenshot taken at 20251005-074640
Checking death at 20251005-074653
[DEATH] screenshot taken at 20251005-074657
Died at 20251005-074657
[RECONNECTED] screenshot taken at 20251005-074657
Successfully reconnected at 20251005-074657
[PERIODIC] screenshot taken at 20251005-074741
Checking death at 20251005-074818
[DEATH] screenshot taken at 20251005-074821
Died at 20251005-074821
[RECONNECTED] screenshot taken at 20251005-074821
Successfully reconnected at 20251005-074821
[PERIODIC] screenshot taken at 20251005-074841
Detected backroom crash at 20251005-074913
[PERIODIC] screenshot taken at 20251005-074941
[PERIODIC] screenshot taken at 20251005-075041
[PERIODIC] screenshot taken at 20251005-075141
[PERIODIC] screenshot taken at 20251005-075241
[PERIODIC] screenshot taken at 20251005-075341
Checking death at 20251005-075420
[DEATH] screenshot taken at 20251005-075423
Died at 20251005-075423
[RECONNECTED] screenshot taken at 20251005-075423
Successfully reconnected at 20251005-075423
[PERIODIC] screenshot taken at 20251005-075441
[PERIODIC] screenshot taken at 20251005-075541
[PERIODIC] screenshot taken at 20251005-075641
[PERIODIC] screenshot taken at 20251005-075741
[PERIODIC] screenshot taken at 20251005-075841
Checking death at 20251005-075859
[DEATH] screenshot taken at 20251005-075902
Died at 20251005-075902
[RECONNECTED] screenshot taken at 20251005-075902
Successfully reconnected at 20251005-075902
[PERIODIC] screenshot taken at 20251005-075941
[PERIODIC] screenshot taken at 20251005-080042
Checking death at 20251005-080108
[DEATH] screenshot taken at 20251005-080111
Died at 20251005-080111
[RECONNECTED] screenshot taken at 20251005-080111
Successfully reconnected at 20251005-080111
[PERIODIC] screenshot taken at 20251005-080142
[PERIODIC] screenshot taken at 20251005-080242
Checking death at 20251005-080320
[DEATH] screenshot taken at 20251005-080323
Died at 20251005-080323
[RECONNECTED] screenshot taken at 20251005-080323
Successfully reconnected at 20251005-080323
[PERIODIC] screenshot taken at 20251005-080342
[PERIODIC] screenshot taken at 20251005-080442
Checking death at 20251005-080533
[DEATH] screenshot taken at 20251005-080536
Died at 20251005-080536
[RECONNECTED] screenshot taken at 20251005-080537
Successfully reconnected at 20251005-080537
[PERIODIC] screenshot taken at 20251005-080542
Checking death at 20251005-080639
[DEATH] screenshot taken at 20251005-080642
Died at 20251005-080642
[RECONNECTED] screenshot taken at 20251005-080642
Successfully reconnected at 20251005-080642
[PERIODIC] screenshot taken at 20251005-080643
Checking death at 20251005-080742
[DEATH] screenshot taken at 20251005-080745
Died at 20251005-080745
[PERIODIC] screenshot taken at 20251005-080745
[RECONNECTED] screenshot taken at 20251005-080746
Successfully reconnected at 20251005-080746
[PERIODIC] screenshot taken at 20251005-080846
Checking death at 20251005-080846
[DEATH] screenshot taken at 20251005-080849
Died at 20251005-080849
[RECONNECTED] screenshot taken at 20251005-080849
Successfully reconnected at 20251005-080849
[PERIODIC] screenshot taken at 20251005-080946
Checking death at 20251005-080953
[DEATH] screenshot taken at 20251005-080956
Died at 20251005-080956
[RECONNECTED] screenshot taken at 20251005-080956
Successfully reconnected at 20251005-080956
[PERIODIC] screenshot taken at 20251005-081046
Checking death at 20251005-081114
[DEATH] screenshot taken at 20251005-081118
Died at 20251005-081118
[RECONNECTED] screenshot taken at 20251005-081118
Successfully reconnected at 20251005-081118
[PERIODIC] screenshot taken at 20251005-081146
[PERIODIC] screenshot taken at 20251005-081246
[PERIODIC] screenshot taken at 20251005-081346
[PERIODIC] screenshot taken at 20251005-081446
Checking death at 20251005-081534
[DEATH] screenshot taken at 20251005-081537
Died at 20251005-081537
[RECONNECTED] screenshot taken at 20251005-081537
Successfully reconnected at 20251005-081537
[PERIODIC] screenshot taken at 20251005-081546
[PERIODIC] screenshot taken at 20251005-081646
[PERIODIC] screenshot taken at 20251005-081746
[PERIODIC] screenshot taken at 20251005-081846
[PERIODIC] screenshot taken at 20251005-081946
[PERIODIC] screenshot taken at 20251005-082046
Checking death at 20251005-082124
[DEATH] screenshot taken at 20251005-082127
Died at 20251005-082127
[RECONNECTED] screenshot taken at 20251005-082127
Successfully reconnected at 20251005-082127
[PERIODIC] screenshot taken at 20251005-082147
[PERIODIC] screenshot taken at 20251005-082247
Checking death at 20251005-082247
[DEATH] screenshot taken at 20251005-082250
Died at 20251005-082250
[RECONNECTED] screenshot taken at 20251005-082250
Successfully reconnected at 20251005-082250
[PERIODIC] screenshot taken at 20251005-082347
Detected backroom crash at 20251005-082352
Detected backroom crash at 20251005-082355
Checking death at 20251005-082358
[DEATH] screenshot taken at 20251005-082401
Died at 20251005-082401
[RECONNECTED] screenshot taken at 20251005-082401
Successfully reconnected at 20251005-082401
[PERIODIC] screenshot taken at 20251005-082447
[PERIODIC] screenshot taken at 20251005-082547
[PERIODIC] screenshot taken at 20251005-082647
Checking death at 20251005-082648
[DEATH] screenshot taken at 20251005-082651
Died at 20251005-082651
[RECONNECTED] screenshot taken at 20251005-082651
Successfully reconnected at 20251005-082651
[PERIODIC] screenshot taken at 20251005-082747
[PERIODIC] screenshot taken at 20251005-082847
[PERIODIC] screenshot taken at 20251005-082947
Checking death at 20251005-083016
[DEATH] screenshot taken at 20251005-083019
Died at 20251005-083019
[RECONNECTED] screenshot taken at 20251005-083019
Successfully reconnected at 20251005-083019
[PERIODIC] screenshot taken at 20251005-083047
Checking death at 20251005-083138
[DEATH] screenshot taken at 20251005-083141
Died at 20251005-083141
[RECONNECTED] screenshot taken at 20251005-083141
Successfully reconnected at 20251005-083141
[PERIODIC] screenshot taken at 20251005-083147
[PERIODIC] screenshot taken at 20251005-083247
[PERIODIC] screenshot taken at 20251005-083347
[PERIODIC] screenshot taken at 20251005-083447
Checking death at 20251005-083527
[DEATH] screenshot taken at 20251005-083530
Died at 20251005-083530
[RECONNECTED] screenshot taken at 20251005-083531
Successfully reconnected at 20251005-083531
[PERIODIC] screenshot taken at 20251005-083547
[PERIODIC] screenshot taken at 20251005-083648
[PERIODIC] screenshot taken at 20251005-083748
Checking death at 20251005-083808
[DEATH] screenshot taken at 20251005-083811
Died at 20251005-083811
[RECONNECTED] screenshot taken at 20251005-083811
Successfully reconnected at 20251005-083811
[PERIODIC] screenshot taken at 20251005-083848
[PERIODIC] screenshot taken at 20251005-083948
Checking death at 20251005-083950
[DEATH] screenshot taken at 20251005-083953
Died at 20251005-083953
[RECONNECTED] screenshot taken at 20251005-083953
Successfully reconnected at 20251005-083953
[PERIODIC] screenshot taken at 20251005-084048
[PERIODIC] screenshot taken at 20251005-084148
[PERIODIC] screenshot taken at 20251005-084248
[PERIODIC] screenshot taken at 20251005-084348
Detected backroom crash at 20251005-084434
Detected backroom crash at 20251005-084434
Detected backroom crash at 20251005-084435
Detected backroom crash at 20251005-084435
Detected backroom crash at 20251005-084435
Detected backroom crash at 20251005-084436
Checking death at 20251005-084438
[DEATH] screenshot taken at 20251005-084441
Died at 20251005-084441
[RECONNECTED] screenshot taken at 20251005-084441
Successfully reconnected at 20251005-084441
[PERIODIC] screenshot taken at 20251005-084448
[PERIODIC] screenshot taken at 20251005-084548
[PERIODIC] screenshot taken at 20251005-084648
[PERIODIC] screenshot taken at 20251005-084748
[PERIODIC] screenshot taken at 20251005-084848
Checking death at 20251005-084915
[DEATH] screenshot taken at 20251005-084918
Died at 20251005-084918
[RECONNECTED] screenshot taken at 20251005-084918
Successfully reconnected at 20251005-084918
[PERIODIC] screenshot taken at 20251005-084949
Checking death at 20251005-085042
[DEATH] screenshot taken at 20251005-085045
Died at 20251005-085045
[RECONNECTED] screenshot taken at 20251005-085045
Successfully reconnected at 20251005-085045
[PERIODIC] screenshot taken at 20251005-085049
[PERIODIC] screenshot taken at 20251005-085149
Checking death at 20251005-085247
[DEATH] screenshot taken at 20251005-085250
Died at 20251005-085250
[PERIODIC] screenshot taken at 20251005-085250
[RECONNECTED] screenshot taken at 20251005-085250
Successfully reconnected at 20251005-085250
[PERIODIC] screenshot taken at 20251005-085350
Checking death at 20251005-085444
[DEATH] screenshot taken at 20251005-085447
Died at 20251005-085447
[RECONNECTED] screenshot taken at 20251005-085447
Successfully reconnected at 20251005-085447
[PERIODIC] screenshot taken at 20251005-085450
[PERIODIC] screenshot taken at 20251005-085550
[PERIODIC] screenshot taken at 20251005-085650
Checking death at 20251005-085742
[DEATH] screenshot taken at 20251005-085745
Died at 20251005-085745
[RECONNECTED] screenshot taken at 20251005-085745
Successfully reconnected at 20251005-085745
[PERIODIC] screenshot taken at 20251005-085750
[PERIODIC] screenshot taken at 20251005-085851
[PERIODIC] screenshot taken at 20251005-085951
[PERIODIC] screenshot taken at 20251005-090051
[PERIODIC] screenshot taken at 20251005-090151
[PERIODIC] screenshot taken at 20251005-090251
[PERIODIC] screenshot taken at 20251005-090351
[PERIODIC] screenshot taken at 20251005-090451
[PERIODIC] screenshot taken at 20251005-090551
[PERIODIC] screenshot taken at 20251005-090651
[PERIODIC] screenshot taken at 20251005-090751
[PERIODIC] screenshot taken at 20251005-090851
[PERIODIC] screenshot taken at 20251005-090951
[PERIODIC] screenshot taken at 20251005-091051
Checking death at 20251005-091123
[DEATH] screenshot taken at 20251005-091126
Died at 20251005-091126
[RECONNECTED] screenshot taken at 20251005-091126
Successfully reconnected at 20251005-091126
[PERIODIC] screenshot taken at 20251005-091151
[PERIODIC] screenshot taken at 20251005-091252
[PERIODIC] screenshot taken at 20251005-091352
[PERIODIC] screenshot taken at 20251005-091452
[PERIODIC] screenshot taken at 20251005-091552
Checking death at 20251005-091622
[DEATH] screenshot taken at 20251005-091625
Died at 20251005-091625
[RECONNECTED] screenshot taken at 20251005-091625
Successfully reconnected at 20251005-091625
[PERIODIC] screenshot taken at 20251005-091652
[PERIODIC] screenshot taken at 20251005-091752
[PERIODIC] screenshot taken at 20251005-091852
[PERIODIC] screenshot taken at 20251005-091952
[PERIODIC] screenshot taken at 20251005-092052
Checking death at 20251005-092109
[DEATH] screenshot taken at 20251005-092112
Died at 20251005-092112
[RECONNECTED] screenshot taken at 20251005-092113
Successfully reconnected at 20251005-092113
[PERIODIC] screenshot taken at 20251005-092152
Detected backroom crash at 20251005-092234
Checking death at 20251005-092248
[DEATH] screenshot taken at 20251005-092251
Died at 20251005-092251
[RECONNECTED] screenshot taken at 20251005-092251
Successfully reconnected at 20251005-092251
[PERIODIC] screenshot taken at 20251005-092252
[PERIODIC] screenshot taken at 20251005-092352
Detected backroom crash at 20251005-092429
Checking death at 20251005-092431
[DEATH] screenshot taken at 20251005-092434
Died at 20251005-092434
[RECONNECTED] screenshot taken at 20251005-092434
Successfully reconnected at 20251005-092434
[PERIODIC] screenshot taken at 20251005-092452
[PERIODIC] screenshot taken at 20251005-092553
[PERIODIC] screenshot taken at 20251005-092653
[PERIODIC] screenshot taken at 20251005-092753
[PERIODIC] screenshot taken at 20251005-092853
[PERIODIC] screenshot taken at 20251005-092953
[PERIODIC] screenshot taken at 20251005-093053
Checking death at 20251005-093117
[DEATH] screenshot taken at 20251005-093120
Died at 20251005-093120
[RECONNECTED] screenshot taken at 20251005-093120
Successfully reconnected at 20251005-093120
[PERIODIC] screenshot taken at 20251005-093153
[PERIODIC] screenshot taken at 20251005-093253
[PERIODIC] screenshot taken at 20251005-093353
[PERIODIC] screenshot taken at 20251005-093453
Checking death at 20251005-093533
[DEATH] screenshot taken at 20251005-093536
Died at 20251005-093536
[RECONNECTED] screenshot taken at 20251005-093537
Successfully reconnected at 20251005-093537
[PERIODIC] screenshot taken at 20251005-093553
[PERIODIC] screenshot taken at 20251005-093653
[PERIODIC] screenshot taken at 20251005-093753
[PERIODIC] screenshot taken at 20251005-093853
Checking death at 20251005-093912
[DEATH] screenshot taken at 20251005-093915
Died at 20251005-093915
[RECONNECTED] screenshot taken at 20251005-093915
Successfully reconnected at 20251005-093915
[PERIODIC] screenshot taken at 20251005-093953
Checking death at 20251005-094022
[DEATH] screenshot taken at 20251005-094025
Died at 20251005-094025
[RECONNECTED] screenshot taken at 20251005-094025
Successfully reconnected at 20251005-094025
[PERIODIC] screenshot taken at 20251005-094054
[PERIODIC] screenshot taken at 20251005-094154
[PERIODIC] screenshot taken at 20251005-094254
[PERIODIC] screenshot taken at 20251005-094354
[PERIODIC] screenshot taken at 20251005-094454
Checking death at 20251005-094508
[DEATH] screenshot taken at 20251005-094511
Died at 20251005-094511
[RECONNECTED] screenshot taken at 20251005-094511
Successfully reconnected at 20251005-094511
[PERIODIC] screenshot taken at 20251005-094554
[PERIODIC] screenshot taken at 20251005-094654
[PERIODIC] screenshot taken at 20251005-094754
[DISCONNECTED] screenshot taken at 20251005-094823
Disconnected at 20251005-094823
Disconnected, attempting to reconnect at 20251005-094823
