
=============== DEBUG ===============
Display size: 1710x1112
Screenshot directory: /Users/alexoh/Desktop/arrasbot/arrasbot_20251005-165939
Created variables in 0.029 seconds
Created controllers in 0.011 seconds
Defined functions in 0.0 seconds
Created directories in 0.0 seconds
Bot initialized in 0.04 seconds

================ LOG ================
Bot initialized at 20251005-165939
[RECONNECTED] screenshot taken at 20251005-165944
Successfully reconnected at 20251005-165944
[PERIODIC] screenshot taken at 20251005-170039
[PERIODIC] screenshot taken at 20251005-170139
[PERIODIC] screenshot taken at 20251005-170239
[PERIODIC] screenshot taken at 20251005-170339
[PERIODIC] screenshot taken at 20251005-170439
Checking death at 20251005-170518
[DEATH] screenshot taken at 20251005-170521
Died at 20251005-170521
