
=============== DEBUG ===============
Display size: 1710x1112
Screenshot directory: /Users/alexoh/Desktop/arrasbot/arrasbot_20251003-220436
Created variables in 0.029 seconds
Created controllers in 0.011 seconds
Defined functions in 0.0 seconds
Created directories in 0.0 seconds
Bot initialized in 0.04 seconds

================ LOG ================
Bot initialized at 20251003-220436
[RECONNECTED] screenshot taken at 20251003-220436
Successfully reconnected at 20251003-220436
[PERIODIC] screenshot taken at 20251003-220536
[PERIODIC] screenshot taken at 20251003-220636
[PERIODIC] screenshot taken at 20251003-220736
[PERIODIC] screenshot taken at 20251003-220836
[PERIODIC] screenshot taken at 20251003-220936
[PERIODIC] screenshot taken at 20251003-221036
[PERIODIC] screenshot taken at 20251003-221136
[PERIODIC] screenshot taken at 20251003-221236
[PERIODIC] screenshot taken at 20251003-221336
[PERIODIC] screenshot taken at 20251003-221437
[PERIODIC] screenshot taken at 20251003-221537
[PERIODIC] screenshot taken at 20251003-221637
[PERIODIC] screenshot taken at 20251003-221737
[PERIODIC] screenshot taken at 20251003-221837
[PERIODIC] screenshot taken at 20251003-221937
[PERIODIC] screenshot taken at 20251003-222037
[PERIODIC] screenshot taken at 20251003-222137
[PERIODIC] screenshot taken at 20251003-222237
[PERIODIC] screenshot taken at 20251003-222337
[PERIODIC] screenshot taken at 20251003-222437
[PERIODIC] screenshot taken at 20251003-222537
[PERIODIC] screenshot taken at 20251003-222637
[PERIODIC] screenshot taken at 20251003-222738
[PERIODIC] screenshot taken at 20251003-222838
[PERIODIC] screenshot taken at 20251003-222938
[PERIODIC] screenshot taken at 20251003-223038
[PERIODIC] screenshot taken at 20251003-223138
[PERIODIC] screenshot taken at 20251003-223238
[PERIODIC] screenshot taken at 20251003-223338
[PERIODIC] screenshot taken at 20251003-223438
[PERIODIC] screenshot taken at 20251003-223538
[PERIODIC] screenshot taken at 20251003-223638
[PERIODIC] screenshot taken at 20251003-223738
Checking death at 20251003-223753
[DEATH] screenshot taken at 20251003-223757
Died at 20251003-223757
[RECONNECTED] screenshot taken at 20251003-223757
Successfully reconnected at 20251003-223757
Detected backroom crash at 20251003-223800
[PERIODIC] screenshot taken at 20251003-223838
[PERIODIC] screenshot taken at 20251003-223939
[PERIODIC] screenshot taken at 20251003-224039
[PERIODIC] screenshot taken at 20251003-224139
[PERIODIC] screenshot taken at 20251003-224239
[PERIODIC] screenshot taken at 20251003-224339
[PERIODIC] screenshot taken at 20251003-224439
[PERIODIC] screenshot taken at 20251003-224539
[PERIODIC] screenshot taken at 20251003-224639
[PERIODIC] screenshot taken at 20251003-224739
[PERIODIC] screenshot taken at 20251003-224839
[PERIODIC] screenshot taken at 20251003-224939
[PERIODIC] screenshot taken at 20251003-225039
[PERIODIC] screenshot taken at 20251003-225139
Checking death at 20251003-225142
[DEATH] screenshot taken at 20251003-225146
Died at 20251003-225146
[RECONNECTED] screenshot taken at 20251003-225146
Successfully reconnected at 20251003-225146
Detected backroom crash at 20251003-225158
Detected backroom crash at 20251003-225158
[PERIODIC] screenshot taken at 20251003-225239
[PERIODIC] screenshot taken at 20251003-225340
[PERIODIC] screenshot taken at 20251003-225440
[PERIODIC] screenshot taken at 20251003-225540
[PERIODIC] screenshot taken at 20251003-225640
Checking death at 20251003-225648
[DEATH] screenshot taken at 20251003-225651
Died at 20251003-225651
[RECONNECTED] screenshot taken at 20251003-225652
Successfully reconnected at 20251003-225652
[PERIODIC] screenshot taken at 20251003-225740
[PERIODIC] screenshot taken at 20251003-225840
Detected backroom crash at 20251003-225912
[PERIODIC] screenshot taken at 20251003-225940
[PERIODIC] screenshot taken at 20251003-230040
Checking death at 20251003-230135
[DEATH] screenshot taken at 20251003-230138
Died at 20251003-230138
[RECONNECTED] screenshot taken at 20251003-230138
Successfully reconnected at 20251003-230138
[PERIODIC] screenshot taken at 20251003-230140
Detected backroom crash at 20251003-230212
[PERIODIC] screenshot taken at 20251003-230240
[PERIODIC] screenshot taken at 20251003-230340
[PERIODIC] screenshot taken at 20251003-230440
[PERIODIC] screenshot taken at 20251003-230540
[PERIODIC] screenshot taken at 20251003-230640
[PERIODIC] screenshot taken at 20251003-230740
[PERIODIC] screenshot taken at 20251003-230841
[PERIODIC] screenshot taken at 20251003-230941
[PERIODIC] screenshot taken at 20251003-231041
[PERIODIC] screenshot taken at 20251003-231141
[PERIODIC] screenshot taken at 20251003-231241
[PERIODIC] screenshot taken at 20251003-231341
[PERIODIC] screenshot taken at 20251003-231441
[PERIODIC] screenshot taken at 20251003-231541
[PERIODIC] screenshot taken at 20251003-231641
[PERIODIC] screenshot taken at 20251003-231756
[PERIODIC] screenshot taken at 20251003-231856
[PERIODIC] screenshot taken at 20251003-231956
[PERIODIC] screenshot taken at 20251003-232057
[PERIODIC] screenshot taken at 20251003-232157
[PERIODIC] screenshot taken at 20251003-232257
[PERIODIC] screenshot taken at 20251003-232357
[PERIODIC] screenshot taken at 20251003-232457
[PERIODIC] screenshot taken at 20251003-232557
[PERIODIC] screenshot taken at 20251003-232657
[PERIODIC] screenshot taken at 20251003-232757
[PERIODIC] screenshot taken at 20251003-232857
[PERIODIC] screenshot taken at 20251003-232957
[PERIODIC] screenshot taken at 20251003-233057
Detected backroom crash at 20251003-233139
Checking death at 20251003-233141
[DEATH] screenshot taken at 20251003-233144
Died at 20251003-233144
Checking death at 20251003-233144
[RECONNECTED] screenshot taken at 20251003-233147
Successfully reconnected at 20251003-233147
Detected backroom crash at 20251003-233157
[PERIODIC] screenshot taken at 20251003-233157
Detected backroom crash at 20251003-233247
[PERIODIC] screenshot taken at 20251003-233258
Detected backroom crash at 20251003-233324
Detected backroom crash at 20251003-233335
[PERIODIC] screenshot taken at 20251003-233358
Detected backroom crash at 20251003-233422
[PERIODIC] screenshot taken at 20251003-233458
Checking death at 20251003-233539
[DEATH] screenshot taken at 20251003-233542
Died at 20251003-233542
[RECONNECTED] screenshot taken at 20251003-233542
Successfully reconnected at 20251003-233542
Detected backroom crash at 20251003-233545
[PERIODIC] screenshot taken at 20251003-233558
