
=============== DEBUG ===============
Display size: 1710x1112
Screenshot directory: /Users/alexoh/Desktop/arrasbot/arrasbot_20251004-203109
Created variables in 0.021 seconds
Created controllers in 0.01 seconds
Defined functions in 0.0 seconds
Created directories in 0.0 seconds
Bot initialized in 0.031 seconds

================ LOG ================
Bot initialized at 20251004-203109
[RECONNECTED] screenshot taken at 20251004-203112
Successfully reconnected at 20251004-203112
[PERIODIC] screenshot taken at 20251004-203209
[PERIODIC] screenshot taken at 20251004-203309
[PERIODIC] screenshot taken at 20251004-203409
[PERIODIC] screenshot taken at 20251004-203509
[PERIODIC] screenshot taken at 20251004-203609
[PERIODIC] screenshot taken at 20251004-203709
[PERIODIC] screenshot taken at 20251004-203810
[PERIODIC] screenshot taken at 20251004-203910
[PERIODIC] screenshot taken at 20251004-204010
[PERIODIC] screenshot taken at 20251004-204110
[PERIODIC] screenshot taken at 20251004-204210
[PERIODIC] screenshot taken at 20251004-204310
[PERIODIC] screenshot taken at 20251004-204410
[PERIODIC] screenshot taken at 20251004-204510
