
=============== DEBUG ===============
Display size: 1710x1112
Screenshot directory: /Users/alexoh/Desktop/arrasbot/arrasbot_20251005-155938
Created variables in 0.021 seconds
Created controllers in 0.015 seconds
Defined functions in 0.0 seconds
Created directories in 0.0 seconds
Bot initialized in 0.039 seconds

================ LOG ================
Bot initialized at 20251005-155938
Checking death at 20251005-155938
Checking death at 20251005-155941
[RECONNECTED] screenshot taken at 20251005-155947
Successfully reconnected at 20251005-155947
[PERIODIC] screenshot taken at 20251005-160038
[PERIODIC] screenshot taken at 20251005-160138
[PERIODIC] screenshot taken at 20251005-160238
[PERIODIC] screenshot taken at 20251005-160338
Detected backroom crash at 20251005-160401
Checking death at 20251005-160407
[DEATH] screenshot taken at 20251005-160411
Died at 20251005-160411
[RECONNECTED] screenshot taken at 20251005-160411
Successfully reconnected at 20251005-160411
[PERIODIC] screenshot taken at 20251005-160438
Checking death at 20251005-160516
[DEATH] screenshot taken at 20251005-160519
Died at 20251005-160519
[RECONNECTED] screenshot taken at 20251005-160519
Successfully reconnected at 20251005-160519
[PERIODIC] screenshot taken at 20251005-160539
[PERIODIC] screenshot taken at 20251005-160639
Checking death at 20251005-160647
[DEATH] screenshot taken at 20251005-160650
Died at 20251005-160650
[RECONNECTED] screenshot taken at 20251005-160650
Successfully reconnected at 20251005-160650
[PERIODIC] screenshot taken at 20251005-160739
Detected backroom crash at 20251005-160835
Checking death at 20251005-160837
[DEATH] screenshot taken at 20251005-160840
Died at 20251005-160840
[PERIODIC] screenshot taken at 20251005-160840
[RECONNECTED] screenshot taken at 20251005-160840
Successfully reconnected at 20251005-160840
[PERIODIC] screenshot taken at 20251005-160940
Checking death at 20251005-160950
[DEATH] screenshot taken at 20251005-160953
Died at 20251005-160953
[RECONNECTED] screenshot taken at 20251005-160954
Successfully reconnected at 20251005-160954
[PERIODIC] screenshot taken at 20251005-161040
[PERIODIC] screenshot taken at 20251005-161140
[PERIODIC] screenshot taken at 20251005-161240
[PERIODIC] screenshot taken at 20251005-161340
Checking death at 20251005-161436
[DEATH] screenshot taken at 20251005-161440
Died at 20251005-161440
[RECONNECTED] screenshot taken at 20251005-161440
Successfully reconnected at 20251005-161440
[PERIODIC] screenshot taken at 20251005-161440
[PERIODIC] screenshot taken at 20251005-161541
[PERIODIC] screenshot taken at 20251005-161641
[PERIODIC] screenshot taken at 20251005-161741
[PERIODIC] screenshot taken at 20251005-161841
[PERIODIC] screenshot taken at 20251005-161941
Checking death at 20251005-162038
[DEATH] screenshot taken at 20251005-162041
Died at 20251005-162041
[PERIODIC] screenshot taken at 20251005-162041
[RECONNECTED] screenshot taken at 20251005-162041
Successfully reconnected at 20251005-162041
[PERIODIC] screenshot taken at 20251005-162141
Checking death at 20251005-162225
[DEATH] screenshot taken at 20251005-162228
Died at 20251005-162228
[RECONNECTED] screenshot taken at 20251005-162228
Successfully reconnected at 20251005-162228
[PERIODIC] screenshot taken at 20251005-162241
Detected backroom crash at 20251005-162249
Checking death at 20251005-162331
[DEATH] screenshot taken at 20251005-162335
Died at 20251005-162335
[RECONNECTED] screenshot taken at 20251005-162335
Successfully reconnected at 20251005-162335
[PERIODIC] screenshot taken at 20251005-162341
[PERIODIC] screenshot taken at 20251005-162441
Checking death at 20251005-162451
[DEATH] screenshot taken at 20251005-162454
Died at 20251005-162454
[RECONNECTED] screenshot taken at 20251005-162454
Successfully reconnected at 20251005-162454
[PERIODIC] screenshot taken at 20251005-162541
[PERIODIC] screenshot taken at 20251005-162642
[PERIODIC] screenshot taken at 20251005-162742
[PERIODIC] screenshot taken at 20251005-162842
Checking death at 20251005-162939
[DEATH] screenshot taken at 20251005-162942
Died at 20251005-162942
[PERIODIC] screenshot taken at 20251005-162942
[RECONNECTED] screenshot taken at 20251005-162942
Successfully reconnected at 20251005-162942
[PERIODIC] screenshot taken at 20251005-163042
Checking death at 20251005-163126
[DEATH] screenshot taken at 20251005-163129
Died at 20251005-163129
[RECONNECTED] screenshot taken at 20251005-163129
Successfully reconnected at 20251005-163129
[PERIODIC] screenshot taken at 20251005-163142
[PERIODIC] screenshot taken at 20251005-163242
[PERIODIC] screenshot taken at 20251005-163342
[PERIODIC] screenshot taken at 20251005-163442
Checking death at 20251005-163444
[DEATH] screenshot taken at 20251005-163447
Died at 20251005-163447
[RECONNECTED] screenshot taken at 20251005-163447
Successfully reconnected at 20251005-163447
[PERIODIC] screenshot taken at 20251005-163542
[PERIODIC] screenshot taken at 20251005-163642
[PERIODIC] screenshot taken at 20251005-163743
[PERIODIC] screenshot taken at 20251005-163843
Checking death at 20251005-163902
