
=============== DEBUG ===============
Display size: 1710x1112
Screenshot directory: /Users/alexoh/Desktop/arrasbot/arrasbot_20251009-173350
Created variables in 0.025 seconds
Created controllers in 0.008 seconds
Defined functions in 0.0 seconds
Created directories in 0.0 seconds
Bot initialized in 0.033 seconds

================ LOG ================
Bot initialized at 20251009-173350
Checking death at 20251009-173353
[PERIODIC] screenshot taken at 20251009-173450
[PERIODIC] screenshot taken at 20251009-173550
[PERIODIC] screenshot taken at 20251009-173650
[PERIODIC] screenshot taken at 20251009-173751
[PERIODIC] screenshot taken at 20251009-173851
[PERIODIC] screenshot taken at 20251009-173951
[PERIODIC] screenshot taken at 20251009-174051
[PERIODIC] screenshot taken at 20251009-174151
[PERIODIC] screenshot taken at 20251009-174251
[PERIODIC] screenshot taken at 20251009-174352
[PERIODIC] screenshot taken at 20251009-174452
[PERIODIC] screenshot taken at 20251009-174552
[PERIODIC] screenshot taken at 20251009-174652
[PERIODIC] screenshot taken at 20251009-174752
[PERIODIC] screenshot taken at 20251009-174852
[RECONNECTED] screenshot taken at 20251009-174936
Successfully reconnected at 20251009-174936
[PERIODIC] screenshot taken at 20251009-174953
