
=============== DEBUG ===============
Display size: 1710x1112
Screenshot directory: /Users/alexoh/Desktop/arrasbot/arrasbot_20251004-193041
Created variables in 0.02 seconds
Created controllers in 0.009 seconds
Defined functions in 0.0 seconds
Created directories in 0.0 seconds
Bot initialized in 0.03 seconds

================ LOG ================
Bot initialized at 20251004-193041
[RECONNECTED] screenshot taken at 20251004-193043
Successfully reconnected at 20251004-193043
[PERIODIC] screenshot taken at 20251004-193141
[PERIODIC] screenshot taken at 20251004-193241
[PERIODIC] screenshot taken at 20251004-193341
[PERIODIC] screenshot taken at 20251004-193441
[PERIODIC] screenshot taken at 20251004-193541
[PERIODIC] screenshot taken at 20251004-193641
[PERIODIC] screenshot taken at 20251004-193741
[PERIODIC] screenshot taken at 20251004-193841
[PERIODIC] screenshot taken at 20251004-193941
[PERIODIC] screenshot taken at 20251004-194041
